[2026/01/28 00:42:11   INFO]           [HytaleServer] Starting HytaleServer
[2026/01/28 00:42:11   INFO]           [HytaleServer] Loading config...
[2026/01/28 00:42:11   INFO]           [HytaleServer] Authentication mode: AUTHENTICATED
[2026/01/28 00:42:11   INFO]      [ServerAuthManager] No server tokens configured. Use /auth login to authenticate, or provide tokens via CLI/environment.
[2026/01/28 00:42:11   INFO]      [ServerAuthManager] Server session ID: 6a1f825b-885d-4dea-a4ef-f7747d8ba9a3
[2026/01/28 00:42:11   INFO]           [HytaleServer] Enabling Sentry
[2026/01/28 00:42:12   INFO]           [HytaleServer] Booting up HytaleServer - Version: 2026.01.27-734d39026, Revision: 734d39026a16f9f293a73ae18ec204d896bcc91f
[2026/01/28 00:42:12   INFO]           [HytaleServer] Setup phase...
[2026/01/28 00:42:12   INFO]          [PluginManager] Loading pending core plugins!
[2026/01/28 00:42:12   INFO]          [PluginManager] - Hytale:ConsoleModule
[2026/01/28 00:42:12   INFO]          [PluginManager] - Hytale:PermissionsModule
[2026/01/28 00:42:12   INFO]          [PluginManager] - Hytale:UpdateModule
[2026/01/28 00:42:12   INFO]          [PluginManager] - Hytale:FlyCameraModule
[2026/01/28 00:42:12   INFO]          [PluginManager] - Hytale:AssetModule
[2026/01/28 00:42:12   INFO]          [PluginManager] - Hytale:CommonAssetModule
[2026/01/28 00:42:12   INFO]          [PluginManager] - Hytale:CosmeticsModule
[2026/01/28 00:42:12   INFO]          [PluginManager] - Hytale:ServerManager
[2026/01/28 00:42:12   INFO]          [PluginManager] - Hytale:I18nModule
[2026/01/28 00:42:12   INFO]          [PluginManager] - Hytale:ItemModule
[2026/01/28 00:42:12   INFO]          [PluginManager] - Hytale:BlockTypeModule
[2026/01/28 00:42:12   INFO]          [PluginManager] - Hytale:LegacyModule
[2026/01/28 00:42:12   INFO]          [PluginManager] - Hytale:BlockModule
[2026/01/28 00:42:12   INFO]          [PluginManager] - Hytale:BlockStateModule
[2026/01/28 00:42:12   INFO]          [PluginManager] - Hytale:CollisionModule
[2026/01/28 00:42:12   INFO]          [PluginManager] - Hytale:BlockSetModule
[2026/01/28 00:42:12   INFO]          [PluginManager] - Hytale:MigrationModule
[2026/01/28 00:42:12   INFO]          [PluginManager] - Hytale:BlockHealthModule
[2026/01/28 00:42:12   INFO]          [PluginManager] - Hytale:PrefabSpawnerModule
[2026/01/28 00:42:12   INFO]          [PluginManager] - Hytale:TimeModule
[2026/01/28 00:42:12   INFO]          [PluginManager] - Hytale:InteractionModule
[2026/01/28 00:42:12   INFO]          [PluginManager] - Hytale:EntityModule
[2026/01/28 00:42:12   INFO]          [PluginManager] - Hytale:EntityStatsModule
[2026/01/28 00:42:12   INFO]          [PluginManager] - Hytale:EntityUIModule
[2026/01/28 00:42:12   INFO]          [PluginManager] - Hytale:DamageModule
[2026/01/28 00:42:12   INFO]          [PluginManager] - Hytale:SplitVelocity
[2026/01/28 00:42:12   INFO]          [PluginManager] - Hytale:StaminaModule
[2026/01/28 00:42:12   INFO]          [PluginManager] - Hytale:DebugPlugin
[2026/01/28 00:42:12   INFO]          [PluginManager] - Hytale:ProjectileModule
[2026/01/28 00:42:12   INFO]          [PluginManager] - Hytale:ServerPlayerListModule
[2026/01/28 00:42:12   INFO]          [PluginManager] - Hytale:AccessControlModule
[2026/01/28 00:42:12   INFO]          [PluginManager] - Hytale:SingleplayerModule
[2026/01/28 00:42:12   INFO]          [PluginManager] - Hytale:Universe
[2026/01/28 00:42:12   INFO]          [PluginManager] - Hytale:ConnectedBlocksModule
[2026/01/28 00:42:12   INFO]          [PluginManager] Loading pending classpath plugins!
[2026/01/28 00:42:12   INFO]          [PluginManager] - Hytale:AssetEditor
[2026/01/28 00:42:12   INFO]          [PluginManager] - Hytale:BlockSpawner
[2026/01/28 00:42:12   INFO]          [PluginManager] - Hytale:BlockTick
[2026/01/28 00:42:12   INFO]          [PluginManager] - Hytale:BlockPhysics
[2026/01/28 00:42:12   INFO]          [PluginManager] - Hytale:BuilderTools
[2026/01/28 00:42:12   INFO]          [PluginManager] - Hytale:Crafting
[2026/01/28 00:42:12   INFO]          [PluginManager] - Hytale:CommandMacro
[2026/01/28 00:42:12   INFO]          [PluginManager] - Hytale:Instances
[2026/01/28 00:42:12   INFO]          [PluginManager] - Hytale:LANDiscovery
[2026/01/28 00:42:12   INFO]          [PluginManager] - Hytale:NPC
[2026/01/28 00:42:12   INFO]          [PluginManager] - Hytale:NPCObjectives
[2026/01/28 00:42:12   INFO]          [PluginManager] - Hytale:ObjectiveReputation
[2026/01/28 00:42:12   INFO]          [PluginManager] - Hytale:Objectives
[2026/01/28 00:42:12   INFO]          [PluginManager] - Hytale:ObjectiveShop
[2026/01/28 00:42:12   INFO]          [PluginManager] - Hytale:Path
[2026/01/28 00:42:12   INFO]          [PluginManager] - Hytale:Reputation
[2026/01/28 00:42:12   INFO]          [PluginManager] - Hytale:NPCReputation
[2026/01/28 00:42:12   INFO]          [PluginManager] - Hytale:Shop
[2026/01/28 00:42:12   INFO]          [PluginManager] - Hytale:ShopReputation
[2026/01/28 00:42:12   INFO]          [PluginManager] - Hytale:NPCShop
[2026/01/28 00:42:12   INFO]          [PluginManager] - Hytale:NPCEditor
[2026/01/28 00:42:12   INFO]          [PluginManager] - Hytale:Stash
[2026/01/28 00:42:12   INFO]          [PluginManager] - Hytale:TagSet
[2026/01/28 00:42:12   INFO]          [PluginManager] - Hytale:Teleport
[2026/01/28 00:42:12   INFO]          [PluginManager] - Hytale:Fluid
[2026/01/28 00:42:12   INFO]          [PluginManager] - Hytale:Weather
[2026/01/28 00:42:12   INFO]          [PluginManager] - Hytale:WorldGen
[2026/01/28 00:42:12   INFO]          [PluginManager] - Hytale:Farming
[2026/01/28 00:42:12   INFO]          [PluginManager] - Hytale:Camera
[2026/01/28 00:42:12   INFO]          [PluginManager] - Hytale:WorldLocationCondition
[2026/01/28 00:42:12   INFO]          [PluginManager] - Hytale:NPCCombatActionEvaluator
[2026/01/28 00:42:12   INFO]          [PluginManager] - Hytale:Model
[2026/01/28 00:42:12   INFO]          [PluginManager] - Hytale:Mantling
[2026/01/28 00:42:12   INFO]          [PluginManager] - Hytale:SafetyRoll
[2026/01/28 00:42:12   INFO]          [PluginManager] - Hytale:SprintForce
[2026/01/28 00:42:12   INFO]          [PluginManager] - Hytale:CrouchSlide
[2026/01/28 00:42:12   INFO]          [PluginManager] - Hytale:Parkour
[2026/01/28 00:42:12   INFO]          [PluginManager] - Hytale:Mounts
[2026/01/28 00:42:12   INFO]          [PluginManager] - Hytale:HytaleGenerator
[2026/01/28 00:42:12   INFO]          [PluginManager] - Hytale:Teleporter
[2026/01/28 00:42:12   INFO]          [PluginManager] - Hytale:Memories
[2026/01/28 00:42:12   INFO]          [PluginManager] - Hytale:Deployables
[2026/01/28 00:42:12   INFO]          [PluginManager] - Hytale:Portals
[2026/01/28 00:42:12   INFO]          [PluginManager] - Hytale:Beds
[2026/01/28 00:42:12   INFO]          [PluginManager] - Hytale:Ambience
[2026/01/28 00:42:12   INFO]          [PluginManager] - Hytale:CreativeHub
[2026/01/28 00:42:12   INFO]          [PluginManager] Loading pending plugins from directory: mods
[2026/01/28 00:42:12   INFO]          [PluginManager] - eldaniorsystem:EldaniorSystem from path EldaniorSystem-1.0.0.jar
[2026/01/28 00:42:12   INFO]          [AssetModule|P] Asset monitor enabled!
[2026/01/28 00:42:12   WARN]          [AssetModule|P] Skipping pack at HytaleAssets: missing or invalid manifest.json
[2026/01/28 00:42:12   INFO]          [AssetModule|P] Loading packs from directory: mods
[2026/01/28 00:42:12   INFO]          [AssetModule|P] Loaded pack: Hytale:Hytale from Hytale
[2026/01/28 00:42:12   WARN]              [org.jline] Unable to create a system terminal, creating a dumb terminal (enable debug logging for more information)
[2026/01/28 00:42:13   INFO]        [ConsoleModule|P] Setup console with type: dumb-color
[2026/01/28 00:42:13   INFO]      [ServerAuthManager] Server certificate set: CN=localhost
[2026/01/28 00:42:13   INFO]          [QUICTransport] Server certificate registered for mutual auth, fingerprint: Yhu2zoSlbZ9eu3eOZYFD1oh9pubktI_aL885hc8r9XY
[2026/01/28 00:42:13   INFO]          [QUICTransport] Using IPv4 Datagram Channel: NioDatagramChannel(INET)...
[2026/01/28 00:42:13   INFO]          [QUICTransport] Using IPv6 Datagram Channel: NioDatagramChannel(INET6)...
[2026/01/28 00:42:13   INFO]        [ServerManager|P] Took 1sec 100ms 941us 83ns to setup transport!
[2026/01/28 00:42:15   INFO]         [EldaniorSystem] >>> ELDANIOR SYSTEM : Initialisation... <<<
[2026/01/28 00:42:15   INFO]                   [SOUT] [Eldanior] 5 classes RPG chargees.
[2026/01/28 00:42:15   INFO]         [EldaniorSystem] - RPG Managers initialisés !
[2026/01/28 00:42:15   INFO]         [EldaniorSystem] - Interactions Eldanior enregistrées !
[2026/01/28 00:42:15   INFO]         [EldaniorSystem] - Systèmes ECS activés !
[2026/01/28 00:42:15   INFO]         [EldaniorSystem] >>> ELDANIOR SYSTEM PRÊT <<<
[2026/01/28 00:42:15   INFO]      [ServerAuthManager] Auth credential store: Memory
[2026/01/28 00:42:15   INFO]           [HytaleServer] Setup phase completed! Boot time 3sec 835ms 444us 875ns
[2026/01/28 00:42:15   INFO]                 [Hytale] Loading common assets from: /Users/nathanlecat/Desktop/EldaniorMods-Hytale/run/mods/Hytale
[2026/01/28 00:42:20   INFO]    [CommonAssetModule|P] Took 3sec 640ms 522us 167ns to walk file tree and load 22992 assets.
[2026/01/28 00:42:20   WARN]    [CommonAssetModule|P] Duplicated Asset Count: 933
[2026/01/28 00:42:20   INFO]                 [Hytale] Loading common assets phase completed! Boot time 8sec 742ms 192us 625ns, Took 4sec 906ms 275us 584ns
[2026/01/28 00:42:20   INFO]    [AssetRegistryLoader] Loading 91 asset stores...
[2026/01/28 00:42:20   INFO]    [AssetRegistryLoader] Pre-adding assets...
[2026/01/28 00:42:20   INFO]      [CollisionModule|P] Block extents for CollisionSystem is Max=0.0, Min=0.0
[2026/01/28 00:42:20   INFO]                 [Hytale] Loading assets from: /Users/nathanlecat/Desktop/EldaniorMods-Hytale/run/mods/Hytale/Server
[2026/01/28 00:42:20   INFO]    [AssetRegistryLoader] Loading assets from /Users/nathanlecat/Desktop/EldaniorMods-Hytale/run/mods/Hytale/Server
[2026/01/28 00:42:20   WARN] [AssetStore|WorldStructureAsset] Unused key(s) in 'Interpolation' file /Users/nathanlecat/Desktop/EldaniorMods-Hytale/run/mods/Hytale/Server/HytaleGenerator/WorldStructures/Dev/Interpolation.json: BiomeTransitions
[2026/01/28 00:42:20   WARN]          [AssetStore|BiomeAsset] Unused key(s) in 'Dunes' file /Users/nathanlecat/Desktop/EldaniorMods-Hytale/run/mods/Hytale/Server/HytaleGenerator/Biomes/Experimental/Dunes.json: Terrain.Density.Inputs.0.Inputs.0.Inputs.0.Inputs.0.Inputs.0.Inputs.1.Inputs.0.Inputs.0.Inputs.0.CacheSize, Terrain.Density.Inputs.0.Inputs.0.Inputs.0.Inputs.0.Inputs.0.Inputs.1.Inputs.0.Inputs.1.Inputs.0.CacheSize, Terrain.Density.Inputs.0.Inputs.0.Inputs.0.Inputs.1.Inputs.0.Inputs.0.Inputs.0.CacheSize, Terrain.Density.Inputs.0.Inputs.0.Inputs.0.Inputs.1.Inputs.0.Inputs.1.Inputs.0.CacheSize, Terrain.Density.Inputs.0.Inputs.0.Inputs.1.Inputs.0.Inputs.0.Inputs.1.Inputs.0.Inputs.0.Inputs.0.CacheSize, Terrain.Density.Inputs.0.Inputs.0.Inputs.1.Inputs.0.Inputs.0.Inputs.1.Inputs.0.Inputs.1.Inputs.0.CacheSize, Terrain.Density.Inputs.0.Inputs.0.Inputs.1.Inputs.1.Inputs.0.Inputs.0.CacheSize, Terrain.Density.Inputs.0.Inputs.0.Inputs.1.Inputs.1.Inputs.1.Inputs.0.CacheSize, Terrain.Density.Inputs.0.Inputs.1.Inputs.0.Inputs.0.Inputs.0.Inputs.0.CacheSize, Terrain.Density.Inputs.0.Inputs.1.Inputs.1.Inputs.0.CacheSize, MaterialProvider.Solid.Queue.0.FieldFunction.CacheSize
[2026/01/28 00:42:20   WARN]          [AssetStore|BiomeAsset] Unused key(s) in 'Example_Multi_Mixer_Horizontal' file /Users/nathanlecat/Desktop/EldaniorMods-Hytale/run/mods/Hytale/Server/HytaleGenerator/Biomes/Examples/Example_Multi_Mixer_Horizontal.json: Terrain.Density.Inputs.0.Inputs.0.Inputs.0.Inputs.0.CacheSize, Terrain.Density.Inputs.0.Inputs.0.Inputs.0.Inputs.1.CacheSize, Terrain.Density.Inputs.0.Inputs.0.Inputs.0.Inputs.2.CacheSize, Terrain.Density.Inputs.0.Inputs.0.Inputs.0.Inputs.3.CacheSize
[2026/01/28 00:42:20   WARN]          [AssetStore|BiomeAsset] Unused key(s) in 'Basic' file /Users/nathanlecat/Desktop/EldaniorMods-Hytale/run/mods/Hytale/Server/HytaleGenerator/Biomes/Basic.json: Props.0.Assignments.Prop.BoxBlockType
[2026/01/28 00:42:20   WARN]                [HytaleGenerator] Duplicate export name for asset: Plains1-Gorges-BaseTerrain
[2026/01/28 00:42:20   WARN]          [AssetStore|BiomeAsset] Unused key(s) in 'Generative_Buildings' file /Users/nathanlecat/Desktop/EldaniorMods-Hytale/run/mods/Hytale/Server/HytaleGenerator/Biomes/Generative/Generative_Buildings.json: Terrain.Density.Inputs.1.Inputs.0.Inputs.0.Inputs.0.Inputs.0.Inputs.0.Inputs.0.Inputs.0.Inputs.0.Positions.Positions.Positions.OffsetX, Terrain.Density.Inputs.1.Inputs.0.Inputs.0.Inputs.0.Inputs.0.Inputs.0.Inputs.0.Inputs.0.Inputs.0.Positions.Positions.Positions.OffsetY, Terrain.Density.Inputs.1.Inputs.0.Inputs.0.Inputs.0.Inputs.0.Inputs.0.Inputs.0.Inputs.0.Inputs.0.Positions.Positions.Positions.OffsetZ
[2026/01/28 00:42:20   WARN]                [HytaleGenerator] Duplicate export name for asset: Taiga1_Rewood_Trees_Mask
[2026/01/28 00:42:20   WARN]          [AssetStore|BiomeAsset] Unused key(s) in 'Example_Multi_Mixer_Curve' file /Users/nathanlecat/Desktop/EldaniorMods-Hytale/run/mods/Hytale/Server/HytaleGenerator/Biomes/Examples/Example_Multi_Mixer_Curve.json: Terrain.Density.Inputs.0.Inputs.0.Inputs.0.Inputs.0.CacheSize, Terrain.Density.Inputs.0.Inputs.1.Inputs.0.Inputs.0.Inputs.0.Inputs.0.CacheSize, Terrain.Density.Inputs.0.Inputs.1.Inputs.0.Inputs.0.Inputs.0.Inputs.1.CacheSize, Terrain.Density.Inputs.0.Inputs.1.Inputs.0.Inputs.0.Inputs.0.Inputs.2.CacheSize, Terrain.Density.Inputs.0.Inputs.1.Inputs.1.CacheSize, Terrain.Density.Inputs.1.Inputs.0.CacheSize
[2026/01/28 00:42:20   WARN]          [AssetStore|BiomeAsset] Unused key(s) in 'Example_Prop' file /Users/nathanlecat/Desktop/EldaniorMods-Hytale/run/mods/Hytale/Server/HytaleGenerator/Biomes/Examples/Example_Prop.json: Terrain.Density.Inputs.0.CacheSize
[2026/01/28 00:42:20   WARN]          [AssetStore|BiomeAsset] Unused key(s) in 'Fake3dNoise' file /Users/nathanlecat/Desktop/EldaniorMods-Hytale/run/mods/Hytale/Server/HytaleGenerator/Biomes/Examples/Fake3dNoise.json: Terrain.Density.Inputs.1.CacheSize, Terrain.Density.Inputs.2.Inputs.1.Inputs.0.Inputs.0.CacheSize, Terrain.Density.Inputs.2.Inputs.1.Inputs.0.Inputs.1.CacheSize, Terrain.Density.Inputs.2.Inputs.1.Inputs.0.Inputs.2.CacheSize, Terrain.Density.Inputs.2.Inputs.1.Inputs.0.Inputs.3.CacheSize, Terrain.Density.Inputs.2.Inputs.1.Inputs.0.Inputs.4.CacheSize, Terrain.Density.Inputs.2.Inputs.1.Inputs.0.Inputs.5.CacheSize
[2026/01/28 00:42:20 SEVERE]                           [SERR] Reallocate: 131072 to 1179648
[2026/01/28 00:42:20   WARN]          [AssetStore|BiomeAsset] Unused key(s) in 'CursebreakerKeyartBiome' file /Users/nathanlecat/Desktop/EldaniorMods-Hytale/run/mods/Hytale/Server/HytaleGenerator/Biomes/Experimental/CursebreakerKeyartBiome.json: Terrain.Density.Inputs.0.Inputs.0.Inputs.0.Inputs.0.Inputs.0.Inputs.0.CacheSize, Terrain.Density.Inputs.0.Inputs.0.Inputs.0.Inputs.1.Inputs.0.Inputs.0.CacheSize, Terrain.Density.Inputs.0.Inputs.0.Inputs.1.Inputs.0.Inputs.0.Inputs.0.Inputs.0.CacheSize, Terrain.Density.Inputs.0.Inputs.1.Inputs.0.Inputs.0.Inputs.0.CacheSize
[2026/01/28 00:42:20   WARN]          [AssetStore|BiomeAsset] Unused key(s) in 'Example_Fluid' file /Users/nathanlecat/Desktop/EldaniorMods-Hytale/run/mods/Hytale/Server/HytaleGenerator/Biomes/Examples/Example_Fluid.json: Terrain.Density.Inputs.0.CacheSize, MaterialProvider.Empty.Queue.0.BaseHeight
[2026/01/28 00:42:20   WARN]          [AssetStore|BiomeAsset] Unused key(s) in 'Arches' file /Users/nathanlecat/Desktop/EldaniorMods-Hytale/run/mods/Hytale/Server/HytaleGenerator/Biomes/Experimental/Arches.json: Terrain.Density.Inputs.0.Inputs.0.Inputs.0.Inputs.0.Inputs.0.CacheSize, Terrain.Density.Inputs.0.Inputs.1.Inputs.0.Inputs.0.Inputs.0.CacheSize, Terrain.Density.Inputs.0.Inputs.1.Inputs.0.Inputs.0.Inputs.0.Inputs.0.ReturnType.Density.CacheSize, Terrain.Density.Inputs.0.Inputs.1.Inputs.0.Inputs.1.Inputs.0.CacheSize, Terrain.Density.Inputs.0.Inputs.1.Inputs.0.Inputs.1.Inputs.0.Inputs.0.ReturnType.Density.Inputs.0.Inputs.0.Inputs.0.CacheSize, Terrain.Density.Inputs.0.Inputs.1.Inputs.0.Inputs.2.Inputs.0.CacheSize
[2026/01/28 00:42:20   INFO]                [HytaleGenerator] Exported Scanner asset with name 'BasicForestTreeScanner' with asset id 'null
[2026/01/28 00:42:20   WARN]          [AssetStore|BiomeAsset] Unused key(s) in 'SingleInstance_Test' file /Users/nathanlecat/Desktop/EldaniorMods-Hytale/run/mods/Hytale/Server/HytaleGenerator/Biomes/Examples/SingleInstance_Test.json: Terrain.Density.Inputs.0.Inputs.1.SingleInstance
[2026/01/28 00:42:20   WARN]          [AssetStore|BiomeAsset] Unused key(s) in 'Example_Mixer' file /Users/nathanlecat/Desktop/EldaniorMods-Hytale/run/mods/Hytale/Server/HytaleGenerator/Biomes/Examples/Example_Mixer.json: Terrain.Density.Inputs.0.CacheSize, Terrain.Density.Inputs.1.Inputs.2.Inputs.0.CacheSize
[2026/01/28 00:42:20   WARN]                [HytaleGenerator] Duplicate export name for asset: BasicForestTreeScanner
[2026/01/28 00:42:20   INFO]                [HytaleGenerator] Exported Scanner asset with name 'BasicForestTreeScanner' with asset id 'null
[2026/01/28 00:42:20   WARN]          [AssetStore|BiomeAsset] Unused key(s) in 'Example_Mixer_Gradient' file /Users/nathanlecat/Desktop/EldaniorMods-Hytale/run/mods/Hytale/Server/HytaleGenerator/Biomes/Examples/Example_Mixer_Gradient.json: Terrain.Density.Inputs.0.Inputs.0.Inputs.0.Inputs.0.Inputs.0.Inputs.0.CacheSize, Terrain.Density.Inputs.1.Inputs.0.Inputs.0.Inputs.0.Inputs.0.Inputs.0.CacheSize, Terrain.Density.Inputs.2.Inputs.0.CacheSize
[2026/01/28 00:42:20   INFO]                [HytaleGenerator] Exported Scanner asset with name 'Desert1_Rocky_Trees_Dry_Scanner' with asset id 'null
[2026/01/28 00:42:20   INFO]                [HytaleGenerator] Exported Scanner asset with name 'Desert1_Rocky_Trees_Palm_Scanner' with asset id 'null
[2026/01/28 00:42:20   WARN]                [HytaleGenerator] Duplicate export name for asset: werstjrtydkm,
[2026/01/28 00:42:20   WARN]                [HytaleGenerator] Duplicate export name for asset: River-Boulders-Mask
[2026/01/28 00:42:20   WARN]          [AssetStore|BiomeAsset] Unused key(s) in 'Something' file /Users/nathanlecat/Desktop/EldaniorMods-Hytale/run/mods/Hytale/Server/HytaleGenerator/Biomes/Experimental/Something.json: Terrain.Density.Inputs.0.Inputs.0.Inputs.0.Inputs.0.CacheSize, Terrain.Density.Inputs.0.Inputs.0.Inputs.0.Inputs.1.Inputs.0.CacheSize, Terrain.Density.Inputs.0.Inputs.0.Inputs.1.Inputs.0.CacheSize, Terrain.Density.Inputs.0.Inputs.0.Inputs.1.Inputs.1.Inputs.0.Inputs.0.Inputs.0.Inputs.0.Sampled, Terrain.Density.Inputs.0.Inputs.0.Inputs.1.Inputs.3.Inputs.0.Inputs.0.CacheSize, Terrain.Density.Inputs.0.Inputs.1.Inputs.0.CacheSize, Terrain.Density.Inputs.0.Inputs.1.Inputs.1.Inputs.0.Inputs.0.CacheSize
[2026/01/28 00:42:20   WARN]                [HytaleGenerator] Duplicate export name for asset: River-Boulders-Mask
[2026/01/28 00:42:20   WARN]                [HytaleGenerator] Duplicate export name for asset: Desert1_Rivers_Cliffs
[2026/01/28 00:42:20   WARN]                [HytaleGenerator] Duplicate export name for asset: River-Boulders-Mask
[2026/01/28 00:42:20   WARN]          [AssetStore|BiomeAsset] Unused key(s) in 'Boreal1_Henges' file /Users/nathanlecat/Desktop/EldaniorMods-Hytale/run/mods/Hytale/Server/HytaleGenerator/Biomes/Boreal1/Boreal1_Henges.json: Terrain.Density.Inputs.0.Inputs.1.Inputs.0.Inputs.0.Inputs.0.Inputs.1.Inputs.0.Inputs.0.Inputs.0.Positions.Positions.OffsetX, Terrain.Density.Inputs.0.Inputs.1.Inputs.0.Inputs.0.Inputs.0.Inputs.1.Inputs.0.Inputs.0.Inputs.0.Positions.Positions.OffsetY, Terrain.Density.Inputs.0.Inputs.1.Inputs.0.Inputs.0.Inputs.0.Inputs.1.Inputs.0.Inputs.0.Inputs.0.Positions.Positions.OffsetZ, Terrain.Density.Inputs.0.Inputs.1.Inputs.0.Inputs.1.Inputs.0.Inputs.1.Inputs.0.Inputs.0.Inputs.0.Inputs.0.Positions.Positions.OffsetX, Terrain.Density.Inputs.0.Inputs.1.Inputs.0.Inputs.1.Inputs.0.Inputs.1.Inputs.0.Inputs.0.Inputs.0.Inputs.0.Positions.Positions.OffsetY, Terrain.Density.Inputs.0.Inputs.1.Inputs.0.Inputs.1.Inputs.0.Inputs.1.Inputs.0.Inputs.0.Inputs.0.Inputs.0.Positions.Positions.OffsetZ
[2026/01/28 00:42:20   WARN]                [HytaleGenerator] Duplicate export name for asset: River-Boulders-Mask
[2026/01/28 00:42:20   WARN]                [HytaleGenerator] Duplicate export name for asset: River-Boulders-Mask
[2026/01/28 00:42:20   WARN]                [HytaleGenerator] Duplicate export name for asset: River-Boulders-Mask
[2026/01/28 00:42:20   WARN]                [HytaleGenerator] Duplicate export name for asset: River-Boulders-Mask
[2026/01/28 00:42:20   WARN]          [AssetStore|BiomeAsset] Unused key(s) in 'Plains1_Deeproot' file /Users/nathanlecat/Desktop/EldaniorMods-Hytale/run/mods/Hytale/Server/HytaleGenerator/Biomes/Plains1/Plains1_Deeproot.json: Props.5.Positions.OffsetX, Props.5.Positions.OffsetY, Props.5.Positions.OffsetZ
[2026/01/28 00:42:20 SEVERE]                           [SERR] Reallocate: 131072 to 1179648
[2026/01/28 00:42:20   WARN]                [HytaleGenerator] Duplicate export name for asset: Peak
[2026/01/28 00:42:20   WARN]          [AssetStore|BiomeAsset] Unused key(s) in 'Volcanic1_Jungle' file /Users/nathanlecat/Desktop/EldaniorMods-Hytale/run/mods/Hytale/Server/HytaleGenerator/Biomes/Volcanic1/Volcanic1_Jungle.json: Props.1.Positions.OffsetX, Props.1.Positions.OffsetY, Props.1.Positions.OffsetZ, Props.2.Positions.OffsetX, Props.2.Positions.OffsetY, Props.2.Positions.OffsetZ, Props.3.Positions.OffsetX, Props.3.Positions.OffsetY, Props.3.Positions.OffsetZ
[2026/01/28 00:42:20   WARN]                [HytaleGenerator] Duplicate export name for asset: River-Boulders-Mask
[2026/01/28 00:42:20   WARN]                [HytaleGenerator] Duplicate export name for asset: pattern1
[2026/01/28 00:42:20   WARN]                [HytaleGenerator] Duplicate export name for asset: werstjrtydkm,
[2026/01/28 00:42:20   WARN]          [AssetStore|BiomeAsset] Unused key(s) in 'Desert1_Oasis' file /Users/nathanlecat/Desktop/EldaniorMods-Hytale/run/mods/Hytale/Server/HytaleGenerator/Biomes/Desert1/Desert1_Oasis.json: Props.2.Positions.Positions.OffsetX, Props.2.Positions.Positions.OffsetY, Props.2.Positions.Positions.OffsetZ, Props.3.Positions.Positions.OffsetX, Props.3.Positions.Positions.OffsetY, Props.3.Positions.Positions.OffsetZ, Props.4.Positions.Positions.OffsetX, Props.4.Positions.Positions.OffsetY, Props.4.Positions.Positions.OffsetZ, Props.5.Positions.Positions.OffsetX, Props.5.Positions.Positions.OffsetY, Props.5.Positions.Positions.OffsetZ, Props.6.Positions.Positions.OffsetX, Props.6.Positions.Positions.OffsetY, Props.6.Positions.Positions.OffsetZ
[2026/01/28 00:42:20   WARN]  [AssetStore|ScriptedBrushAsset] Asset key 'templeRandom' for file '/Users/nathanlecat/Desktop/EldaniorMods-Hytale/run/mods/Hytale/Server/ScriptedBrushes/Archive/templeRandom.json' has incorrect format! Expected: 'TempleRandom'
[2026/01/28 00:42:20   WARN]  [AssetStore|ScriptedBrushAsset] Asset key 'templeFloor' for file '/Users/nathanlecat/Desktop/EldaniorMods-Hytale/run/mods/Hytale/Server/ScriptedBrushes/Archive/templeFloor.json' has incorrect format! Expected: 'TempleFloor'
[2026/01/28 00:42:20   WARN]  [AssetStore|ScriptedBrushAsset] Asset key 'MountainBrush_old' for file '/Users/nathanlecat/Desktop/EldaniorMods-Hytale/run/mods/Hytale/Server/ScriptedBrushes/Archive/MountainBrush_old.json' has incorrect format! Expected: 'MountainBrush_Old'
[2026/01/28 00:42:20   WARN]  [AssetStore|ScriptedBrushAsset] Asset key 'templePillars' for file '/Users/nathanlecat/Desktop/EldaniorMods-Hytale/run/mods/Hytale/Server/ScriptedBrushes/Archive/templePillars.json' has incorrect format! Expected: 'TemplePillars'
[2026/01/28 00:42:20   WARN]  [AssetStore|ScriptedBrushAsset] Asset key 'BoulderBrush_old' for file '/Users/nathanlecat/Desktop/EldaniorMods-Hytale/run/mods/Hytale/Server/ScriptedBrushes/Archive/BoulderBrush_old.json' has incorrect format! Expected: 'BoulderBrush_Old'
[2026/01/28 00:42:20   WARN]  [AssetStore|ScriptedBrushAsset] Unused key(s) in 'ReplaceWaterExample' file /Users/nathanlecat/Desktop/EldaniorMods-Hytale/run/mods/Hytale/Server/ScriptedBrushes/Examples/ReplaceWaterExample.json: Description
[2026/01/28 00:42:20   WARN]  [AssetStore|ScriptedBrushAsset] Unused key(s) in 'FluidMaskExample' file /Users/nathanlecat/Desktop/EldaniorMods-Hytale/run/mods/Hytale/Server/ScriptedBrushes/Examples/FluidMaskExample.json: Description
[2026/01/28 00:42:20   WARN]  [AssetStore|ScriptedBrushAsset] Asset key 'templeWalls' for file '/Users/nathanlecat/Desktop/EldaniorMods-Hytale/run/mods/Hytale/Server/ScriptedBrushes/Archive/templeWalls.json' has incorrect format! Expected: 'TempleWalls'
[2026/01/28 00:42:20   WARN]  [AssetStore|ScriptedBrushAsset] Asset key 'keepDestruction' for file '/Users/nathanlecat/Desktop/EldaniorMods-Hytale/run/mods/Hytale/Server/ScriptedBrushes/Archive/keepDestruction.json' has incorrect format! Expected: 'KeepDestruction'
[2026/01/28 00:42:20   WARN]  [AssetStore|ScriptedBrushAsset] Asset key 'templeDestruction' for file '/Users/nathanlecat/Desktop/EldaniorMods-Hytale/run/mods/Hytale/Server/ScriptedBrushes/Archive/templeDestruction.json' has incorrect format! Expected: 'TempleDestruction'
[2026/01/28 00:42:20   WARN]  [AssetStore|ScriptedBrushAsset] Unused key(s) in 'Walls-Floors' file /Users/nathanlecat/Desktop/EldaniorMods-Hytale/run/mods/Hytale/Server/ScriptedBrushes/Archive/Walls-Floors.json: Operations.0.Offset
[2026/01/28 00:42:20   WARN]  [AssetStore|ScriptedBrushAsset] Asset key 'moltenBall' for file '/Users/nathanlecat/Desktop/EldaniorMods-Hytale/run/mods/Hytale/Server/ScriptedBrushes/Archive/moltenBall.json' has incorrect format! Expected: 'MoltenBall'
[2026/01/28 00:42:20   WARN]               [MacroCommandBase] Could not parse default argument value for argument: 'world' on Macro Command: 'settimeandgohome'.
server.commands.errors.noSuchWorld{name=com.hypixel.hytale.protocol.StringParamValue@bf4c6e40}
server.commands.errors.noSuchWorld{name=com.hypixel.hytale.protocol.StringParamValue@bf4c6e40}
[2026/01/28 00:42:20   WARN]     [AssetStore|PrefabListAsset] Asset key 'Trees_Ash_swamp_dead' for file '/Users/nathanlecat/Desktop/EldaniorMods-Hytale/run/mods/Hytale/Server/PrefabList/Trees_Ash_swamp_dead.json' has incorrect format! Expected: 'Trees_Ash_Swamp_Dead'
[2026/01/28 00:42:20   WARN]     [AssetStore|PrefabListAsset] Asset key 'Trees_Burnt_dead' for file '/Users/nathanlecat/Desktop/EldaniorMods-Hytale/run/mods/Hytale/Server/PrefabList/Trees_Burnt_dead.json' has incorrect format! Expected: 'Trees_Burnt_Dead'
[2026/01/28 00:42:20   WARN]     [AssetStore|PrefabListAsset] Asset key 'Trees_Ash_swamp' for file '/Users/nathanlecat/Desktop/EldaniorMods-Hytale/run/mods/Hytale/Server/PrefabList/Trees_Ash_swamp.json' has incorrect format! Expected: 'Trees_Ash_Swamp'
[2026/01/28 00:42:20   WARN]     [AssetStore|PrefabListAsset] Asset key 'Trees_Ash_twisted' for file '/Users/nathanlecat/Desktop/EldaniorMods-Hytale/run/mods/Hytale/Server/PrefabList/Trees_Ash_twisted.json' has incorrect format! Expected: 'Trees_Ash_Twisted'
[2026/01/28 00:42:20   WARN]     [AssetStore|PrefabListAsset] Asset key 'Trees_Ash_twisted_Giant' for file '/Users/nathanlecat/Desktop/EldaniorMods-Hytale/run/mods/Hytale/Server/PrefabList/Trees_Ash_twisted_Giant.json' has incorrect format! Expected: 'Trees_Ash_Twisted_Giant'
[2026/01/28 00:42:20   WARN]     [AssetStore|PrefabListAsset] Asset key 'Trees_Fir_red' for file '/Users/nathanlecat/Desktop/EldaniorMods-Hytale/run/mods/Hytale/Server/PrefabList/Trees_Fir_red.json' has incorrect format! Expected: 'Trees_Fir_Red'
[2026/01/28 00:42:20   WARN]     [AssetStore|PrefabListAsset] Asset key 'Trees_Ash_twisted_Large' for file '/Users/nathanlecat/Desktop/EldaniorMods-Hytale/run/mods/Hytale/Server/PrefabList/Trees_Ash_twisted_Large.json' has incorrect format! Expected: 'Trees_Ash_Twisted_Large'
[2026/01/28 00:42:20   WARN]               [BlockSetModule|P] Creating block sets: Failed to find block name 'Furniture_Temple_Light_Statue'
[2026/01/28 00:42:20   WARN]               [BlockSetModule|P] Creating block sets: Failed to find block name 'Ingredient_Hay'
[2026/01/28 00:42:20   WARN]               [BlockSetModule|P] Creating block sets: Failed to find block name 'Wood_Softwood_Planks'
[2026/01/28 00:42:20   WARN]               [BlockSetModule|P] Creating block sets: Failed to find block name 'Furniture_Feran_Bed'
[2026/01/28 00:42:20   WARN]               [BlockSetModule|P] Creating block sets: Failed to find block name 'Coop_Chicken'
[2026/01/28 00:42:20   WARN]               [BlockSetModule|P] Creating block sets: Failed to find hitbox name 'Fence'
[2026/01/28 00:42:20   WARN]               [BlockSetModule|P] Creating block sets: Failed to find hitbox name 'Fence_Gate'
[2026/01/28 00:42:20   WARN]               [BlockSetModule|P] Creating block sets: Failed to find hitbox name 'Fence_Gate_Open_In'
[2026/01/28 00:42:20   WARN]               [BlockSetModule|P] Creating block sets: Failed to find hitbox name 'Fence_Gate_Open_Out'
[2026/01/28 00:42:20   WARN]               [BlockSetModule|P] Creating block sets: Failed to find hitbox name 'Fence_Thin'
[2026/01/28 00:42:20   WARN]               [BlockSetModule|P] Creating block sets: Failed to find hitbox name 'Fence_Thick'
[2026/01/28 00:42:20   WARN]               [BlockSetModule|P] Creating block sets: Failed to find hitbox name 'Fence_Corner'
[2026/01/28 00:42:20   WARN]               [BlockSetModule|P] Creating block sets: Failed to find hitbox name 'Fence_Corner_Thin'
[2026/01/28 00:42:20   WARN]               [BlockSetModule|P] Creating block sets: Failed to find hitbox name 'Fence_Corner_Thick'
[2026/01/28 00:42:20   WARN]               [BlockSetModule|P] Creating block sets: Failed to find block name 'Furniture_Crude_Bed'
[2026/01/28 00:42:20   WARN]               [BlockSetModule|P] Creating block sets: Failed to find block name 'Soil_Grass'
[2026/01/28 00:42:20   WARN]               [BlockSetModule|P] Creating block sets: Failed to find block name 'Soil_Dirt'
[2026/01/28 00:42:20   WARN]               [BlockSetModule|P] Creating block sets: Failed to find block name 'Soil_Dirt_Poisoned'
[2026/01/28 00:42:20   WARN]               [BlockSetModule|P] Creating block sets: Failed to find block name 'Soil_Mud'
[2026/01/28 00:42:20   WARN]               [BlockSetModule|P] Creating block sets: Failed to find block name 'Deco_Bone_Pile'
[2026/01/28 00:42:20   WARN]               [BlockSetModule|P] Creating block sets: Failed to find block name 'Deco_Bone_Skulls'
[2026/01/28 00:42:20   WARN]               [BlockSetModule|P] Creating block sets: Failed to find block name 'Soil_Gravel_Sand'
[2026/01/28 00:42:20   WARN]               [BlockSetModule|P] Creating block sets: Failed to find block name 'Soil_Dirt'
[2026/01/28 00:42:20   WARN]               [BlockSetModule|P] Creating block sets: Failed to find block name 'Soil_Clay'
[2026/01/28 00:42:20   WARN]               [BlockSetModule|P] Creating block sets: Failed to find block name 'Rock_Stone'
[2026/01/28 00:42:20   WARN]               [BlockSetModule|P] Creating block sets: Failed to find block name 'Rock_Marble'
[2026/01/28 00:42:20   WARN]               [BlockSetModule|P] Creating block sets: Failed to find block name 'Rock_Chalk'
[2026/01/28 00:42:21   INFO]              [HytaleGenerator|P] Loaded Settings asset.
[2026/01/28 00:42:21   INFO]              [CollisionModule|P] Block extents for CollisionSystem is Max=3.0, Min=0.0
[2026/01/28 00:42:21   WARN] [AssetStore|CustomConnectedBlockTemplateAsset] Unused key(s) in 'DoorLargeConnectedBlockTemplate' file /Users/nathanlecat/Desktop/EldaniorMods-Hytale/run/mods/Hytale/Server/Item/CustomConnectedBlockTemplates/DoorLargeConnectedBlockTemplate.json: ConnectsToOtherTemplates
[2026/01/28 00:42:21   WARN] [AssetStore|CustomConnectedBlockTemplateAsset] Unused key(s) in 'RailsConnectedBlockTemplate' file /Users/nathanlecat/Desktop/EldaniorMods-Hytale/run/mods/Hytale/Server/Item/CustomConnectedBlockTemplates/RailsConnectedBlockTemplate.json: MaterialName
[2026/01/28 00:42:21   WARN]      [AssetStore|ParticleSystem] Unused key(s) in 'Potion_Stamina_Burst' file /Users/nathanlecat/Desktop/EldaniorMods-Hytale/run/mods/Hytale/Server/Particles/Status_Effect/Potion_Stamina/Potion_Stamina_Burst.particlesystem: Spawners.0.Scale
[2026/01/28 00:42:21   WARN]      [AssetStore|ParticleSystem] Unused key(s) in 'Potion_Morph_Burst' file /Users/nathanlecat/Desktop/EldaniorMods-Hytale/run/mods/Hytale/Server/Particles/Status_Effect/Potion_Morph/Potion_Morph_Burst.particlesystem: Spawners.0.Scale
[2026/01/28 00:42:21   WARN]      [AssetStore|ParticleSystem] Unused key(s) in 'Potion_Health_Implosion' file /Users/nathanlecat/Desktop/EldaniorMods-Hytale/run/mods/Hytale/Server/Particles/Status_Effect/Potion_Health/Potion_Health_Implosion.particlesystem: Spawners.0.Scale
[2026/01/28 00:42:21   WARN]            [AssetStore|ModelVFX] Asset key 'test' for file '/Users/nathanlecat/Desktop/EldaniorMods-Hytale/run/mods/Hytale/Server/Entity/ModelVFX/test.json' has incorrect format! Expected: 'Test'
[2026/01/28 00:42:21   WARN]                [HytaleGenerator] Duplicate export name for asset: Volcanic1_Swamp_Bushes_Jungles_Pattern
[2026/01/28 00:42:21   WARN]    [AssetStore|AssignmentsAsset] Unused key(s) in 'Taiga1_Rivers_Grasses' file /Users/nathanlecat/Desktop/EldaniorMods-Hytale/run/mods/Hytale/Server/HytaleGenerator/Assignments/Taiga1/Taiga1_Rivers_Grasses.json: $Comments
[2026/01/28 00:42:21   WARN]                [HytaleGenerator] Duplicate export name for asset: Plains1_OakPattern_Floor_Grass
[2026/01/28 00:42:21   INFO]                [HytaleGenerator] Exported Scanner asset with name 'Plains1_Gorges_Boulder_Scanner' with asset id 'null
[2026/01/28 00:42:21   INFO]                [HytaleGenerator] Exported Scanner asset with name 'Desert1_Oasis_Grasses_Scanner' with asset id 'null
[2026/01/28 00:42:21   INFO]                [HytaleGenerator] Exported Scanner asset with name 'Desert1_Boulders_Scanner' with asset id 'null
[2026/01/28 00:42:21   WARN]    [AssetStore|AssignmentsAsset] Unused key(s) in 'Plains1_Deeproot_Grasses' file /Users/nathanlecat/Desktop/EldaniorMods-Hytale/run/mods/Hytale/Server/HytaleGenerator/Assignments/Plains1/Plains1_Deeproot_Grasses.json: FieldFunction.CacheSize
[2026/01/28 00:42:21   WARN]    [AssetStore|AssignmentsAsset] Unused key(s) in 'Desert1_Oasis_Grasses' file /Users/nathanlecat/Desktop/EldaniorMods-Hytale/run/mods/Hytale/Server/HytaleGenerator/Assignments/Desert1/Desert1_Oasis_Grasses.json: $Comments
[2026/01/28 00:42:21   WARN]                [HytaleGenerator] Duplicate export name for asset: Plains1_OakPattern_Floor_Grass
[2026/01/28 00:42:21   INFO]                [HytaleGenerator] Exported Scanner asset with name 'Desert1_Boab_Scanner' with asset id 'null
[2026/01/28 00:42:21   INFO]                [HytaleGenerator] Exported Scanner asset with name 'Desert1_Oasis_Plants_2_Scanner' with asset id 'null
[2026/01/28 00:42:21   WARN]    [AssetStore|AssignmentsAsset] Unused key(s) in 'Desert1_Oasis_Flowers_2' file /Users/nathanlecat/Desktop/EldaniorMods-Hytale/run/mods/Hytale/Server/HytaleGenerator/Assignments/Desert1/Desert1_Oasis_Flowers_2.json: $Comments
[2026/01/28 00:42:21   INFO]                [HytaleGenerator] Exported Scanner asset with name 'Desert1_Dry_Scanner' with asset id 'null
[2026/01/28 00:42:21   WARN]    [AssetStore|AssignmentsAsset] Unused key(s) in 'Desert1_Oasis_Trees_Dry' file /Users/nathanlecat/Desktop/EldaniorMods-Hytale/run/mods/Hytale/Server/HytaleGenerator/Assignments/Desert1/Desert1_Oasis_Trees_Dry.json: $Comments
[2026/01/28 00:42:21   INFO]                [HytaleGenerator] Exported Scanner asset with name 'Plains1_Gorges_Tree_Scanner' with asset id 'null
[2026/01/28 00:42:21   WARN]    [AssetStore|AssignmentsAsset] Unused key(s) in 'Plains1_Oak_Bushes' file /Users/nathanlecat/Desktop/EldaniorMods-Hytale/run/mods/Hytale/Server/HytaleGenerator/Assignments/Plains1/Plains1_Oak_Bushes.json: FieldFunction.CacheSize
[2026/01/28 00:42:21   WARN]                [HytaleGenerator] Duplicate export name for asset: Plains1_Sticks
[2026/01/28 00:42:21   WARN]    [AssetStore|AssignmentsAsset] Unused key(s) in 'Runtime_Defect_1' file /Users/nathanlecat/Desktop/EldaniorMods-Hytale/run/mods/Hytale/Server/HytaleGenerator/Assignments/Dev/Runtime_Defect_1.json: Prop.BoxBlockType
[2026/01/28 00:42:21   WARN]                [HytaleGenerator] Duplicate export name for asset: Plains1_OakPattern_Floor_Grass
[2026/01/28 00:42:21   WARN]    [AssetStore|AssignmentsAsset] Unused key(s) in 'Plains1_Mountains_Grasses' file /Users/nathanlecat/Desktop/EldaniorMods-Hytale/run/mods/Hytale/Server/HytaleGenerator/Assignments/Plains1/Plains1_Mountains_Grasses.json: FieldFunction.CacheSize
[2026/01/28 00:42:21   INFO]                [HytaleGenerator] Exported Scanner asset with name 'Desert1_Palm_Scanner' with asset id 'null
[2026/01/28 00:42:21   WARN]    [AssetStore|AssignmentsAsset] Unused key(s) in 'Desert1_Oasis_Flowers' file /Users/nathanlecat/Desktop/EldaniorMods-Hytale/run/mods/Hytale/Server/HytaleGenerator/Assignments/Desert1/Desert1_Oasis_Flowers.json: $Comments
[2026/01/28 00:42:21   WARN]                [HytaleGenerator] Duplicate export name for asset: Desert1_Boulders_Scanner
[2026/01/28 00:42:21   INFO]                [HytaleGenerator] Exported Scanner asset with name 'Desert1_Boulders_Scanner' with asset id 'null
[2026/01/28 00:42:21   WARN]    [AssetStore|AssignmentsAsset] Unused key(s) in 'Runtime_Defect_0' file /Users/nathanlecat/Desktop/EldaniorMods-Hytale/run/mods/Hytale/Server/HytaleGenerator/Assignments/Dev/Runtime_Defect_0.json: Prop.BoxBlockType
[2026/01/28 00:42:21   WARN]    [AssetStore|AssignmentsAsset] Unused key(s) in 'Desert1_Oasis_Boulders' file /Users/nathanlecat/Desktop/EldaniorMods-Hytale/run/mods/Hytale/Server/HytaleGenerator/Assignments/Desert1/Desert1_Oasis_Boulders.json: $Comments
[2026/01/28 00:42:21   WARN]         [AssetStore|Environment] Asset key 'Env_Temple_of_Gaia' for file '/Users/nathanlecat/Desktop/EldaniorMods-Hytale/run/mods/Hytale/Server/Environments/Unique/Env_Temple_of_Gaia.json' has incorrect format! Expected: 'Env_Temple_Of_Gaia'
[2026/01/28 00:42:21   WARN]        [AssetStore|EntityEffect] Unused key(s) in 'Food_EffectCondition_Buff_Small' file /Users/nathanlecat/Desktop/EldaniorMods-Hytale/run/mods/Hytale/Server/Entity/Effects/Food/Buff/_Deprecated/Food_EffectCondition_Buff_Small.json: Type, EntityEffectIds, Match, Next, Failed
[2026/01/28 00:42:21   WARN]        [AssetStore|EntityEffect] Unused key(s) in 'Food_EffectCondition_Buff_Medium' file /Users/nathanlecat/Desktop/EldaniorMods-Hytale/run/mods/Hytale/Server/Entity/Effects/Food/Buff/_Deprecated/Food_EffectCondition_Buff_Medium.json: Type, EntityEffectIds, Match, Next, Failed
[2026/01/28 00:42:21   WARN]         [AssetStore|Interaction] Unused key(s) in 'Weapon_Battleaxe_Primary_Downstrike_Force' file /Users/nathanlecat/Desktop/EldaniorMods-Hytale/run/mods/Hytale/Server/Item/Interactions/Weapons/Battleaxe/Primary/Downstrike/Weapon_Battleaxe_Primary_Downstrike_Force.json: MouseSensitivityAdjustmentTarget, MouseSensitivityAdjustmentDuration
[2026/01/28 00:42:21   WARN]         [AssetStore|Interaction] Unused key(s) in 'Ice_Bolt_Miss' file /Users/nathanlecat/Desktop/EldaniorMods-Hytale/run/mods/Hytale/Server/Item/Interactions/Weapons/Staff/Ice/Ice_Bolt_Miss.json: Effects.WorldParticles
[2026/01/28 00:42:21   WARN]         [AssetStore|Interaction] Unused key(s) in 'Weapon_Daggers_Primary_Pounce_Stab_Force' file /Users/nathanlecat/Desktop/EldaniorMods-Hytale/run/mods/Hytale/Server/Item/Interactions/Weapons/Daggers/Primary/Pounce/Stab/Weapon_Daggers_Primary_Pounce_Stab_Force.json: VelocityType
[2026/01/28 00:42:21   WARN]         [AssetStore|Interaction] Unused key(s) in 'Ice_Ball_Miss' file /Users/nathanlecat/Desktop/EldaniorMods-Hytale/run/mods/Hytale/Server/Item/Interactions/Weapons/Staff/Ice/Ice_Ball_Miss.json: Effects.WorldParticles
[2026/01/28 00:42:21   WARN]         [AssetStore|Interaction] Unused key(s) in 'Explode_Generic' file /Users/nathanlecat/Desktop/EldaniorMods-Hytale/run/mods/Hytale/Server/Item/Interactions/Explosions/Explode_Generic.json: Config.Knockback.VelocityConfig.Direction
[2026/01/28 00:42:21   WARN]         [AssetStore|Interaction] Unused key(s) in '*Weapon_Sword_Signature_Vortexstrike_Spin_Selector_Next': Next
[2026/01/28 00:42:21   WARN]         [AssetStore|Interaction] Unused key(s) in '*Weapon_Daggers_Primary_Pounce_Stab_Selector_Next': Next
[2026/01/28 00:42:21   WARN]               [BlockSetModule|P] Creating block sets: Failed to find block name 'Furniture_Temple_Light_Statue'
[2026/01/28 00:42:21   WARN]               [BlockSetModule|P] Creating block sets: Failed to find block name 'Ingredient_Hay'
[2026/01/28 00:42:21   WARN]               [BlockSetModule|P] Creating block sets: Failed to find block name 'Wood_Softwood_Planks'
[2026/01/28 00:42:21   WARN]               [BlockSetModule|P] Creating block sets: Failed to find block name 'Furniture_Feran_Bed'
[2026/01/28 00:42:21   WARN]               [BlockSetModule|P] Creating block sets: Failed to find block name 'Coop_Chicken'
[2026/01/28 00:42:21   WARN]               [BlockSetModule|P] Creating block sets: Failed to find hitbox name 'Fence'
[2026/01/28 00:42:21   WARN]               [BlockSetModule|P] Creating block sets: Failed to find hitbox name 'Fence_Gate'
[2026/01/28 00:42:21   WARN]               [BlockSetModule|P] Creating block sets: Failed to find hitbox name 'Fence_Gate_Open_In'
[2026/01/28 00:42:21   WARN]               [BlockSetModule|P] Creating block sets: Failed to find hitbox name 'Fence_Gate_Open_Out'
[2026/01/28 00:42:21   WARN]               [BlockSetModule|P] Creating block sets: Failed to find hitbox name 'Fence_Thin'
[2026/01/28 00:42:21   WARN]               [BlockSetModule|P] Creating block sets: Failed to find hitbox name 'Fence_Thick'
[2026/01/28 00:42:21   WARN]               [BlockSetModule|P] Creating block sets: Failed to find hitbox name 'Fence_Corner'
[2026/01/28 00:42:21   WARN]               [BlockSetModule|P] Creating block sets: Failed to find hitbox name 'Fence_Corner_Thin'
[2026/01/28 00:42:21   WARN]               [BlockSetModule|P] Creating block sets: Failed to find hitbox name 'Fence_Corner_Thick'
[2026/01/28 00:42:21   WARN]               [BlockSetModule|P] Creating block sets: Failed to find block name 'Furniture_Crude_Bed'
[2026/01/28 00:42:21   WARN]               [BlockSetModule|P] Creating block sets: Failed to find block name 'Soil_Grass'
[2026/01/28 00:42:21   WARN]               [BlockSetModule|P] Creating block sets: Failed to find block name 'Soil_Dirt'
[2026/01/28 00:42:21   WARN]               [BlockSetModule|P] Creating block sets: Failed to find block name 'Soil_Dirt_Poisoned'
[2026/01/28 00:42:21   WARN]               [BlockSetModule|P] Creating block sets: Failed to find block name 'Soil_Mud'
[2026/01/28 00:42:21   WARN]               [BlockSetModule|P] Creating block sets: Failed to find block name 'Deco_Bone_Pile'
[2026/01/28 00:42:21   WARN]               [BlockSetModule|P] Creating block sets: Failed to find block name 'Deco_Bone_Skulls'
[2026/01/28 00:42:21   WARN]               [BlockSetModule|P] Creating block sets: Failed to find block name 'Soil_Gravel_Sand'
[2026/01/28 00:42:21   WARN]               [BlockSetModule|P] Creating block sets: Failed to find block name 'Soil_Dirt'
[2026/01/28 00:42:21   WARN]               [BlockSetModule|P] Creating block sets: Failed to find block name 'Soil_Clay'
[2026/01/28 00:42:21   WARN]               [BlockSetModule|P] Creating block sets: Failed to find block name 'Rock_Stone'
[2026/01/28 00:42:21   WARN]               [BlockSetModule|P] Creating block sets: Failed to find block name 'Rock_Marble'
[2026/01/28 00:42:21   WARN]               [BlockSetModule|P] Creating block sets: Failed to find block name 'Rock_Chalk'
[2026/01/28 00:42:21   WARN]         [AssetStore|Interaction] Unused key(s) in '**Projectile_Config_Ice_Ball_Interactions_ProjectileMiss_Interactions_0': Effects.WorldParticles
[2026/01/28 00:42:21   WARN]         [AssetStore|Interaction] Unused key(s) in '**Projectile_Config_Scarak_Seeker_Spitball_Interactions_ProjectileMiss_Interactions_0': Effects.WorldParticles
[2026/01/28 00:42:21   WARN]         [AssetStore|Interaction] Unused key(s) in '**Projectile_Config_Scarak_Seeker_Spitball_Interactions_ProjectileHit_Interactions_0': Entity
[2026/01/28 00:42:21   WARN]         [AssetStore|Interaction] Unused key(s) in '**Projectile_Config_Ice_Bolt_Interactions_ProjectileMiss_Interactions_0': Effects.WorldParticles
[2026/01/28 00:42:22   WARN]                [AssetStore|Item] Failed to validate asset!
Id: Bench_Campfire
Path: /Users/nathanlecat/Desktop/EldaniorMods-Hytale/run/mods/Hytale/Server/Item/Items/Bench/Bench_Campfire.json
Key: Recipe
Results:
	WARNING: Bench Requirement in recipe for 'Fieldcraft' should not have a delay (TimeSeconds) set!

[2026/01/28 00:42:22   WARN]                [AssetStore|Item] Failed to validate asset!
Id: Tool_Hatchet_Crude
Path: /Users/nathanlecat/Desktop/EldaniorMods-Hytale/run/mods/Hytale/Server/Item/Items/Tool/Hatchet/Tool_Hatchet_Crude.json
Key: Recipe
Results:
	WARNING: Bench Requirement in recipe for 'Fieldcraft' should not have a delay (TimeSeconds) set!

[2026/01/28 00:42:22   WARN]                [AssetStore|Item] Failed to validate asset!
Id: Furniture_Crude_Chest_Small
Path: /Users/nathanlecat/Desktop/EldaniorMods-Hytale/run/mods/Hytale/Server/Item/Items/Furniture/Crude/Furniture_Crude_Chest_Small.json
Key: Recipe
Results:
	WARNING: Bench Requirement in recipe for 'Fieldcraft' should not have a delay (TimeSeconds) set!

[2026/01/28 00:42:22   WARN]                [AssetStore|Item] Failed to validate asset!
Id: Furniture_Crude_Torch
Path: /Users/nathanlecat/Desktop/EldaniorMods-Hytale/run/mods/Hytale/Server/Item/Items/Furniture/Crude/Unique/Furniture_Crude_Torch.json
Key: Recipe
Results:
	WARNING: Bench Requirement in recipe for 'Fieldcraft' should not have a delay (TimeSeconds) set!

[2026/01/28 00:42:22   WARN]                [AssetStore|Item] Failed to validate asset!
Id: Furniture_Crude_Bed
Path: /Users/nathanlecat/Desktop/EldaniorMods-Hytale/run/mods/Hytale/Server/Item/Items/Furniture/Crude/Furniture_Crude_Bed.json
Key: Recipe
Results:
	WARNING: Bench Requirement in recipe for 'Fieldcraft' should not have a delay (TimeSeconds) set!

[2026/01/28 00:42:22   WARN]                [AssetStore|Item] Failed to validate asset!
Id: Tool_Pickaxe_Crude
Path: /Users/nathanlecat/Desktop/EldaniorMods-Hytale/run/mods/Hytale/Server/Item/Items/Tool/Pickaxe/Tool_Pickaxe_Crude.json
Key: Recipe
Results:
	WARNING: Bench Requirement in recipe for 'Fieldcraft' should not have a delay (TimeSeconds) set!

[2026/01/28 00:42:22   WARN]                [AssetStore|Item] Failed to validate asset!
Id: Bench_Builders
Path: /Users/nathanlecat/Desktop/EldaniorMods-Hytale/run/mods/Hytale/Server/Item/Items/Bench/Bench_Builders.json
Key: Recipe
Results:
	WARNING: Bench Requirement in recipe for 'Fieldcraft' should not have a delay (TimeSeconds) set!

[2026/01/28 00:42:22   WARN]                [AssetStore|Item] Failed to validate asset!
Id: Weapon_Sword_Crude
Path: /Users/nathanlecat/Desktop/EldaniorMods-Hytale/run/mods/Hytale/Server/Item/Items/Weapon/Sword/Weapon_Sword_Crude.json
Key: Recipe
Results:
	WARNING: Bench Requirement in recipe for 'Fieldcraft' should not have a delay (TimeSeconds) set!

[2026/01/28 00:42:22   WARN]                [AssetStore|Item] Failed to find inherited parent asset Deco_Bucket (BlockType) for *Deco_Bucket_State_Filled_Mosshorn_Milk
[2026/01/28 00:42:22   WARN]                [AssetStore|Item] Failed to find inherited parent asset Deco_Tankard (BlockType) for *Deco_Tankard_State_Filled_Water
[2026/01/28 00:42:22   WARN]                [AssetStore|Item] Failed to find inherited parent asset Deco_Bucket (BlockType) for *Deco_Bucket_State_Filled_Water
[2026/01/28 00:42:22   WARN]                [AssetStore|Item] Failed to find inherited parent asset Deco_Bucket (BlockType) for *Deco_Bucket_State_Filled_Milk
[2026/01/28 00:42:22   WARN]                [AssetStore|Item] Failed to find inherited parent asset Container_Bucket (BlockType) for *Container_Bucket_State_Filled_Water
[2026/01/28 00:42:22   WARN]                [AssetStore|Item] Failed to find inherited parent asset Container_Bucket (BlockType) for *Container_Bucket_State_Filled_Mosshorn_Milk
[2026/01/28 00:42:22   WARN]                [AssetStore|Item] Failed to find inherited parent asset Deco_Mug (BlockType) for *Deco_Mug_State_Filled_Water
[2026/01/28 00:42:22   WARN]                [AssetStore|Item] Failed to find inherited parent asset Container_Bucket (BlockType) for *Container_Bucket_State_Filled_Milk
[2026/01/28 00:42:22   WARN]               [BlockSetModule|P] Creating block sets: Failed to find block name 'Furniture_Temple_Light_Statue'
[2026/01/28 00:42:22   WARN]               [BlockSetModule|P] Creating block sets: Failed to find block name 'Ingredient_Hay'
[2026/01/28 00:42:22   WARN]               [BlockSetModule|P] Creating block sets: Failed to find block name 'Wood_Softwood_Planks'
[2026/01/28 00:42:22   WARN]               [BlockSetModule|P] Creating block sets: Failed to find block name 'Furniture_Feran_Bed'
[2026/01/28 00:42:22   WARN]               [BlockSetModule|P] Creating block sets: Failed to find block name 'Coop_Chicken'
[2026/01/28 00:42:22   WARN]               [BlockSetModule|P] Creating block sets: Failed to find hitbox name 'Fence'
[2026/01/28 00:42:22   WARN]               [BlockSetModule|P] Creating block sets: Failed to find hitbox name 'Fence_Gate'
[2026/01/28 00:42:22   WARN]               [BlockSetModule|P] Creating block sets: Failed to find hitbox name 'Fence_Gate_Open_In'
[2026/01/28 00:42:22   WARN]               [BlockSetModule|P] Creating block sets: Failed to find hitbox name 'Fence_Gate_Open_Out'
[2026/01/28 00:42:22   WARN]               [BlockSetModule|P] Creating block sets: Failed to find hitbox name 'Fence_Thin'
[2026/01/28 00:42:22   WARN]               [BlockSetModule|P] Creating block sets: Failed to find hitbox name 'Fence_Thick'
[2026/01/28 00:42:22   WARN]               [BlockSetModule|P] Creating block sets: Failed to find hitbox name 'Fence_Corner'
[2026/01/28 00:42:22   WARN]               [BlockSetModule|P] Creating block sets: Failed to find hitbox name 'Fence_Corner_Thin'
[2026/01/28 00:42:22   WARN]               [BlockSetModule|P] Creating block sets: Failed to find hitbox name 'Fence_Corner_Thick'
[2026/01/28 00:42:22   WARN]               [BlockSetModule|P] Creating block sets: Failed to find block name 'Furniture_Crude_Bed'
[2026/01/28 00:42:22   WARN]               [BlockSetModule|P] Creating block sets: Failed to find block name 'Soil_Grass'
[2026/01/28 00:42:22   WARN]               [BlockSetModule|P] Creating block sets: Failed to find block name 'Soil_Dirt'
[2026/01/28 00:42:22   WARN]               [BlockSetModule|P] Creating block sets: Failed to find block name 'Soil_Dirt_Poisoned'
[2026/01/28 00:42:22   WARN]               [BlockSetModule|P] Creating block sets: Failed to find block name 'Soil_Mud'
[2026/01/28 00:42:22   WARN]               [BlockSetModule|P] Creating block sets: Failed to find block name 'Deco_Bone_Pile'
[2026/01/28 00:42:22   WARN]               [BlockSetModule|P] Creating block sets: Failed to find block name 'Deco_Bone_Skulls'
[2026/01/28 00:42:22   WARN]               [BlockSetModule|P] Creating block sets: Failed to find block name 'Soil_Gravel_Sand'
[2026/01/28 00:42:22   WARN]               [BlockSetModule|P] Creating block sets: Failed to find block name 'Soil_Dirt'
[2026/01/28 00:42:22   WARN]               [BlockSetModule|P] Creating block sets: Failed to find block name 'Soil_Clay'
[2026/01/28 00:42:22   WARN]               [BlockSetModule|P] Creating block sets: Failed to find block name 'Rock_Stone'
[2026/01/28 00:42:22   WARN]               [BlockSetModule|P] Creating block sets: Failed to find block name 'Rock_Marble'
[2026/01/28 00:42:22   WARN]               [BlockSetModule|P] Creating block sets: Failed to find block name 'Rock_Chalk'
[2026/01/28 00:42:22   WARN]         [AssetStore|Interaction] Unused key(s) in '**Template_Weapon_Crossbow_InteractionVars_Guard_Bash_Interactions_1': Effects, StatModifiers
[2026/01/28 00:42:22   WARN]         [AssetStore|Interaction] Unused key(s) in '**Weapon_Staff_Thorium_InteractionVars_Staff_Cast_Summon_Charged_Interactions_0': Costs
[2026/01/28 00:42:22   WARN]         [AssetStore|Interaction] Unused key(s) in '**Weapon_Staff_Iron_InteractionVars_Staff_Cast_Summon_Charged_Interactions_0': Costs
[2026/01/28 00:42:22   WARN]         [AssetStore|Interaction] Unused key(s) in '**Weapon_Staff_Bone_InteractionVars_Staff_Cast_Summon_Charged_Interactions_0': Costs
[2026/01/28 00:42:22   WARN]         [AssetStore|Interaction] Unused key(s) in '**Weapon_Staff_Wood_InteractionVars_Staff_Cast_Summon_Charged_Interactions_0': Costs
[2026/01/28 00:42:22   WARN]         [AssetStore|Interaction] Unused key(s) in '**Weapon_Staff_Cane_InteractionVars_Staff_Cast_Summon_Charged_Interactions_0': Costs
[2026/01/28 00:42:22   WARN]         [AssetStore|Interaction] Unused key(s) in '**Template_Weapon_Shield_InteractionVars_Guard_Bash_Interactions_1': Effects, StatModifiers
[2026/01/28 00:42:22   WARN]         [AssetStore|Interaction] Unused key(s) in '**Weapon_Staff_Onion_InteractionVars_Staff_Cast_Summon_Charged_Interactions_0': Costs
[2026/01/28 00:42:22   WARN]         [AssetStore|Interaction] Unused key(s) in '**Halloween_Broomstick_InteractionVars_Staff_Cast_Summon_Charged_Interactions_0': Costs
[2026/01/28 00:42:22   WARN]         [AssetStore|Interaction] Unused key(s) in '**Weapon_Staff_Cobalt_InteractionVars_Staff_Cast_Summon_Charged_Interactions_0': Costs
[2026/01/28 00:42:22   WARN]         [AssetStore|Interaction] Unused key(s) in '**Weapon_Staff_Doomed_InteractionVars_Staff_Cast_Summon_Charged_Interactions_0': Costs
[2026/01/28 00:42:22   WARN]         [AssetStore|Interaction] Unused key(s) in '**Weapon_Staff_Copper_InteractionVars_Staff_Cast_Summon_Charged_Interactions_0': Costs
[2026/01/28 00:42:22   WARN]         [AssetStore|Interaction] Unused key(s) in '**Weapon_Staff_Adamantite_InteractionVars_Staff_Cast_Summon_Charged_Interactions_0': Costs
[2026/01/28 00:42:22   WARN]         [AssetStore|Interaction] Unused key(s) in '**Weapon_Staff_Bo_Bamboo_InteractionVars_Staff_Cast_Summon_Charged_Interactions_0': Costs
[2026/01/28 00:42:22   WARN]         [AssetStore|Interaction] Unused key(s) in '**Weapon_Staff_Mithril_InteractionVars_Staff_Cast_Summon_Charged_Interactions_0': Costs
[2026/01/28 00:42:22   WARN]         [AssetStore|Interaction] Unused key(s) in '**Weapon_Staff_Wood_Kweebec_InteractionVars_Staff_Cast_Summon_Charged_Interactions_0': Costs
[2026/01/28 00:42:22   WARN]         [AssetStore|Interaction] Unused key(s) in '**Weapon_Staff_Wood_Rotten_InteractionVars_Staff_Cast_Summon_Charged_Interactions_0': Costs
[2026/01/28 00:42:22   WARN]         [AssetStore|Interaction] Unused key(s) in '**Weapon_Staff_Frost_InteractionVars_Staff_Cast_Summon_Charged_Interactions_0': Costs
[2026/01/28 00:42:22   WARN]         [AssetStore|Interaction] Unused key(s) in '**Template_Weapon_Shortbow_InteractionVars_Guard_Bash_Interactions_1': Effects, StatModifiers
[2026/01/28 00:42:22   WARN]         [AssetStore|Interaction] Unused key(s) in '**Weapon_Staff_Crystal_Red_InteractionVars_Staff_Cast_Summon_Charged_Interactions_0': Costs
[2026/01/28 00:42:22   WARN]         [AssetStore|Interaction] Unused key(s) in '**Weapon_Staff_Wizard_InteractionVars_Staff_Cast_Summon_Charged_Interactions_0': Costs
[2026/01/28 00:42:22   WARN]         [AssetStore|Interaction] Unused key(s) in '**Weapon_Staff_Crystal_Fire_Trork_InteractionVars_Staff_Cast_Summon_Charged_Interactions_0': Costs
[2026/01/28 00:42:22   WARN]         [AssetStore|Interaction] Unused key(s) in '**Weapon_Staff_Bronze_InteractionVars_Staff_Cast_Summon_Charged_Interactions_0': Costs
[2026/01/28 00:42:22   WARN]         [AssetStore|Interaction] Unused key(s) in '**Weapon_Staff_Onyxium_InteractionVars_Staff_Cast_Summon_Charged_Interactions_0': Costs
[2026/01/28 00:42:22   WARN]         [AssetStore|Interaction] Unused key(s) in '**Weapon_Staff_Crystal_Flame_InteractionVars_Fireball_Impact_2_Interactions_0': EntityStatsOnHit
[2026/01/28 00:42:22   WARN]         [AssetStore|Interaction] Unused key(s) in '**Weapon_Staff_Bo_Wood_InteractionVars_Staff_Cast_Summon_Charged_Interactions_0': Costs
[2026/01/28 00:42:22   WARN]         [AssetStore|Interaction] Unused key(s) in '**Weapon_Staff_Crystal_Purple_InteractionVars_Staff_Cast_Summon_Charged_Interactions_0': Costs
[2026/01/28 00:42:22   WARN]         [AssetStore|Interaction] Unused key(s) in '**Weapon_Staff_Crystal_Flame_InteractionVars_Fireball_Impact_3_Interactions_0': EntityStatsOnHit
[2026/01/28 00:42:22   WARN]         [AssetStore|Interaction] Unused key(s) in '**Weapon_Shield_Copper_InteractionVars_Guard_Bash_Interactions_0': Effects, StatModifiers
[2026/01/28 00:42:22   WARN]         [AssetStore|Interaction] Unused key(s) in '***Plant_Crop_Mushroom_Glowing_Orange_Interactions_Secondary_Interactions_0_Next': Effects
[2026/01/28 00:42:22   WARN]         [AssetStore|Interaction] Unused key(s) in '***Plant_Crop_Mushroom_Glowing_Green_Interactions_Secondary_Interactions_0_Next': Effects
[2026/01/28 00:42:22   WARN]         [AssetStore|Interaction] Unused key(s) in '***Plant_Crop_Mushroom_Glowing_Red_Interactions_Secondary_Interactions_0_Next': Effects
[2026/01/28 00:42:22   WARN]         [AssetStore|Interaction] Unused key(s) in '***Plant_Crop_Mushroom_Glowing_Violet_Interactions_Secondary_Interactions_0_Next': Effects
[2026/01/28 00:42:22   WARN]         [AssetStore|Interaction] Unused key(s) in '***Plant_Crop_Mushroom_Glowing_Blue_Interactions_Secondary_Interactions_0_Next': Effects
[2026/01/28 00:42:22   WARN]         [AssetStore|Interaction] Unused key(s) in '***Plant_Seaweed_Grass_Stack_Interactions_Secondary_Interactions_0_Next': Effects
[2026/01/28 00:42:22   WARN]         [AssetStore|Interaction] Unused key(s) in '***Plant_Crop_Mushroom_Glowing_Purple_Interactions_Secondary_Interactions_0_Next': Effects
[2026/01/28 00:42:22   WARN]                [AssetStore|Item] Failed to find inherited parent asset Template_Crop_Item (BlockType) for Plant_Crop_Wheat_Item
[2026/01/28 00:42:22   WARN]                [AssetStore|Item] Failed to find inherited parent asset Template_Crop_Item (BlockType) for Plant_Crop_Corn_Item
[2026/01/28 00:42:22   WARN]                [AssetStore|Item] Failed to find inherited parent asset Template_Crop_Item (BlockType) for Plant_Crop_Lettuce_Item
[2026/01/28 00:42:22   WARN]                [AssetStore|Item] Failed to find inherited parent asset Template_Crop_Item (BlockType) for Plant_Crop_Onion_Item
[2026/01/28 00:42:22   WARN]                [AssetStore|Item] Failed to find inherited parent asset Template_Crop_Item (BlockType) for Plant_Crop_Carrot_Item
[2026/01/28 00:42:22   WARN]                [AssetStore|Item] Failed to find inherited parent asset Template_Crop_Item (BlockType) for Plant_Crop_Aubergine_Item
[2026/01/28 00:42:22   WARN]                [AssetStore|Item] Failed to find inherited parent asset Template_Crop_Item (BlockType) for Plant_Crop_Turnip_Item
[2026/01/28 00:42:22   WARN]                [AssetStore|Item] Failed to find inherited parent asset Template_Crop_Item (BlockType) for Plant_Crop_Potato_Item
[2026/01/28 00:42:22   WARN]                [AssetStore|Item] Failed to find inherited parent asset Template_Crop_Item (BlockType) for Plant_Crop_Pumpkin_Item
[2026/01/28 00:42:22   WARN]                [AssetStore|Item] Failed to find inherited parent asset Template_Crop_Item (BlockType) for Plant_Crop_Tomato_Item
[2026/01/28 00:42:22   WARN]                [AssetStore|Item] Failed to find inherited parent asset Template_Crop_Item (BlockType) for Plant_Crop_Rice_Item
[2026/01/28 00:42:22   WARN]                [AssetStore|Item] Failed to find inherited parent asset Template_Crop_Item (BlockType) for Plant_Crop_Chilli_Item
[2026/01/28 00:42:22   WARN]                [AssetStore|Item] Failed to find inherited parent asset Template_Crop_Item (BlockType) for Plant_Crop_Cauliflower_Item
[2026/01/28 00:42:22   WARN]         [AssetStore|Interaction] Unused key(s) in '**Teleporter_Interactions_Use_Interactions_0': Page.WarpNameWordList
[2026/01/28 00:42:22   WARN]         [AssetStore|Interaction] Unused key(s) in '**Portal_Device_Interactions_Use_Interactions_0': Page.Config.GameplayConfig
[2026/01/28 00:42:22   WARN]           [AssetStore|BlockType] Unused key(s) in '*Prototype_Geyser_State_Definitions_Off': SoundEventId
[2026/01/28 00:42:22   WARN]           [AssetStore|BlockType] Unused key(s) in '*Prototype_Geyser_State_Definitions_On': SoundEventId
[2026/01/28 00:42:22   WARN]         [AssetStore|Interaction] Unused key(s) in '***Teleporter_State_Definitions_Active_Interactions_Use_Interactions_0': Page.WarpNameWordList
[2026/01/28 00:42:22   WARN]      [AssetStore|GameplayConfig] Unused key(s) in 'Default' file /Users/nathanlecat/Desktop/EldaniorMods-Hytale/run/mods/Hytale/Server/GameplayConfigs/Default.json: Ping
[2026/01/28 00:42:22   WARN]      [AssetStore|GameplayConfig] Unused key(s) in 'Default_Instance' file /Users/nathanlecat/Desktop/EldaniorMods-Hytale/run/mods/Hytale/Server/GameplayConfigs/Default_Instance.json: Death.LoseItems
[2026/01/28 00:42:23   INFO]            [AssetRegistryLoader] Took 3sec 242ms 286us to load all assets
[2026/01/28 00:42:23   INFO]                         [Hytale] Loading NPC assets phase...
[2026/01/28 00:42:23   INFO]                          [NPC|P] Starting to load NPC builders!
[2026/01/28 00:42:24   WARN]                          [NPC|P] Replacing asset 'Test_Patrol_Path' of file '/Users/nathanlecat/Desktop/EldaniorMods-Hytale/run/mods/Hytale/Server/NPC/Roles/_Core/Tests_Development/Test_Patrol_Path.json' with other file '/Users/nathanlecat/Desktop/EldaniorMods-Hytale/run/mods/Hytale/Server/NPC/Roles/_Core/Tests/Paths/Test_Patrol_Path.json'
[2026/01/28 00:42:27   INFO]                          [NPC|P] Validating loaded NPC configurations...
[2026/01/28 00:42:27   WARN]                          [NPC|P] Animation Leap does not exist for model Goblin_Duke!
[2026/01/28 00:42:27   WARN]                          [NPC|P] Animation Eat does not exist for model Spark_Living!
[2026/01/28 00:42:27   WARN]                          [NPC|P] Animation Curious does not exist for model Spark_Living!
[2026/01/28 00:42:27   WARN]                          [NPC|P] Animation GreetAnimation does not exist for model Spark_Living!
[2026/01/28 00:42:27   WARN]                          [NPC|P] Animation Wave does not exist for model Frog_Blue!
[2026/01/28 00:42:27   WARN]                          [NPC|P] Animation Eat does not exist for model Hatworm!
[2026/01/28 00:42:27   WARN]                          [NPC|P] Animation Curious does not exist for model Hatworm!
[2026/01/28 00:42:27   WARN]                          [NPC|P] Animation GreetAnimation does not exist for model Hatworm!
[2026/01/28 00:42:27   WARN]                          [NPC|P] Animation Sleep does not exist for model Wraith_Lantern!
[2026/01/28 00:42:27   WARN]                          [NPC|P] Animation Alerted does not exist for model Wraith_Lantern!
[2026/01/28 00:42:27   WARN]                          [NPC|P] Animation Laydown does not exist for model Wraith_Lantern!
[2026/01/28 00:42:27   WARN]                          [NPC|P] Animation Wake does not exist for model Wraith_Lantern!
[2026/01/28 00:42:27   WARN]                          [NPC|P] Animation Wave does not exist for model Temple_Mithril_Guard!
[2026/01/28 00:42:27   WARN]                          [NPC|P] Animation Alerted does not exist for model Scarak_Broodmother!
[2026/01/28 00:42:27   WARN]                          [NPC|P] Animation Leap does not exist for model Goblin_Duke!
[2026/01/28 00:42:27   WARN]                          [NPC|P] Animation Rally does not exist for model Outlander_Priest!
[2026/01/28 00:42:27   WARN]                          [NPC|P] Animation Wave does not exist for model Frog_Orange!
[2026/01/28 00:42:27   WARN]                          [NPC|P] Animation Sleep does not exist for model Slug_Magma!
[2026/01/28 00:42:27   WARN]                          [NPC|P] Animation Alerted does not exist for model Slug_Magma!
[2026/01/28 00:42:27   WARN]                          [NPC|P] Animation Laydown does not exist for model Slug_Magma!
[2026/01/28 00:42:27   WARN]                          [NPC|P] Animation Wake does not exist for model Slug_Magma!
[2026/01/28 00:42:27   WARN]                          [NPC|P] Animation Rally does not exist for model Outlander_Sorcerer!
[2026/01/28 00:42:27   WARN]                          [NPC|P] Animation Alerted does not exist for model Scarak_Broodmother!
[2026/01/28 00:42:27   WARN]                          [NPC|P] Animation Alerted does not exist for model Kweebec_Rootling!
[2026/01/28 00:42:27   WARN]                          [NPC|P] Animation Eat does not exist for model Lizard_Sand!
[2026/01/28 00:42:27   WARN]                          [NPC|P] Animation Curious does not exist for model Lizard_Sand!
[2026/01/28 00:42:27   WARN]                          [NPC|P] Animation GreetAnimation does not exist for model Lizard_Sand!
[2026/01/28 00:42:27   WARN]                          [NPC|P] Animation GreetAnimation does not exist for model Tortoise!
[2026/01/28 00:42:27   WARN]                          [NPC|P] Animation Sleep does not exist for model Tuluk_Fisherman!
[2026/01/28 00:42:27   WARN]                          [NPC|P] Animation Alerted does not exist for model Tuluk_Fisherman!
[2026/01/28 00:42:27   WARN]                          [NPC|P] Animation Laydown does not exist for model Tuluk_Fisherman!
[2026/01/28 00:42:27   WARN]                          [NPC|P] Animation Wake does not exist for model Tuluk_Fisherman!
[2026/01/28 00:42:27   WARN]                          [NPC|P] Animation Eat does not exist for model Trillodon!
[2026/01/28 00:42:27   WARN]                          [NPC|P] Animation Curious does not exist for model Trillodon!
[2026/01/28 00:42:27   WARN]                          [NPC|P] Animation GreetAnimation does not exist for model Trillodon!
[2026/01/28 00:42:27   WARN]                          [NPC|P] Animation Leap does not exist for model Goblin_Duke_Large!
[2026/01/28 00:42:27   WARN]                          [NPC|P] Animation Alerted does not exist for model Scarak_Broodmother!
[2026/01/28 00:42:27   INFO]                          [NPC|P] Validation complete.
[2026/01/28 00:42:27   INFO]                          [NPC|P] Loaded 897 NPC configurations, Test: 243, Component: 143, Abstract: 51, Variant: 418, Generic: 44
[2026/01/28 00:42:27   INFO]                         [Hytale] Loading NPC assets phase completed! Boot time 16sec 51ms 703us 292ns, Took 4sec 5ms 664us 292ns
[2026/01/28 00:42:27   INFO]                         [Hytale] Validating Spawn assets phase...
[2026/01/28 00:42:27   INFO]                         [Hytale] Spawn assets validation phase completed! Boot time 16sec 53ms 279us 542ns, Took 1ms 458us 542ns
[2026/01/28 00:42:27   INFO]                   [I18nModule|P] Loaded 7870 entries for 'en-US' from /Users/nathanlecat/Desktop/EldaniorMods-Hytale/run/mods/Hytale/Server/Languages
[2026/01/28 00:42:27   INFO]                   [I18nModule|P] Loaded 51 entries from /Users/nathanlecat/Desktop/EldaniorMods-Hytale/run/mods/Hytale/Server/Languages/fallback.lang
[2026/01/28 00:42:27   INFO]                   [HytaleServer] Starting plugin manager...
[2026/01/28 00:42:27   INFO]                  [PluginManager] Enabled plugin Hytale:WorldLocationCondition
[2026/01/28 00:42:27   INFO]                  [PluginManager] Enabled plugin Hytale:ServerManager
[2026/01/28 00:42:27   INFO]                  [PluginManager] Enabled plugin Hytale:SprintForce
[2026/01/28 00:42:27   INFO]                  [PluginManager] Enabled plugin Hytale:MigrationModule
[2026/01/28 00:42:27   INFO]                  [PluginManager] Enabled plugin Hytale:AssetModule
[2026/01/28 00:42:27   INFO]                  [PluginManager] Enabled plugin Hytale:ConsoleModule
[2026/01/28 00:42:27   INFO]                  [PluginManager] Enabled plugin Hytale:TimeModule
[2026/01/28 00:42:27   INFO]                  [PluginManager] Enabled plugin Hytale:CollisionModule
[2026/01/28 00:42:27   INFO]                  [PluginManager] Enabled plugin Hytale:DebugPlugin
[2026/01/28 00:42:27   INFO]                  [PluginManager] Enabled plugin Hytale:SplitVelocity
[2026/01/28 00:42:27   INFO]                  [PluginManager] Enabled plugin Hytale:Model
[2026/01/28 00:42:27   INFO]                  [PluginManager] Enabled plugin Hytale:CrouchSlide
[2026/01/28 00:42:27   INFO]                  [PluginManager] Enabled plugin Hytale:Universe
[2026/01/28 00:42:27   INFO]                  [PluginManager] Enabled plugin Hytale:TagSet
[2026/01/28 00:42:27   WARN]                   [UpdateModule] Update checker disabled: invalid folder layout. Expected to run from Server/ with Assets.zip and start.sh/bat in parent directory.
[2026/01/28 00:42:27   INFO]                  [PluginManager] Enabled plugin Hytale:UpdateModule
[2026/01/28 00:42:27   INFO]                  [PluginManager] Enabled plugin Hytale:AccessControlModule
[2026/01/28 00:42:27   INFO]                  [PluginManager] Enabled plugin Hytale:CommandMacro
[2026/01/28 00:42:27   INFO]                  [PluginManager] Enabled plugin Hytale:SafetyRoll
[2026/01/28 00:42:27   INFO]                  [PluginManager] Enabled plugin Hytale:HytaleGenerator
[2026/01/28 00:42:27   INFO]                  [PluginManager] Enabled plugin Hytale:ItemModule
[2026/01/28 00:42:27   INFO]                  [PluginManager] Enabled plugin Hytale:CommonAssetModule
[2026/01/28 00:42:27   INFO]                  [PluginManager] Enabled plugin Hytale:CosmeticsModule
[2026/01/28 00:42:27   INFO]                  [PluginManager] Enabled plugin Hytale:I18nModule
[2026/01/28 00:42:27   INFO]                  [PluginManager] Enabled plugin Hytale:LegacyModule
[2026/01/28 00:42:27   INFO]                  [PluginManager] Enabled plugin Hytale:LANDiscovery
[2026/01/28 00:42:27   INFO]                  [PluginManager] Enabled plugin Hytale:Mantling
[2026/01/28 00:42:27   INFO]                  [World|default] Loading world 'default' with generator type: 'HytaleWorldGenProvider{name='Default', path='null'}' and chunk storage: 'DefaultChunkStorageProvider{DEFAULT=IndexedStorageChunkStorageProvider{}}'...
[2026/01/28 00:42:27   INFO]                  [PluginManager] Enabled plugin Hytale:PermissionsModule
[2026/01/28 00:42:27   INFO]                  [PluginManager] Enabled plugin Hytale:Deployables
[2026/01/28 00:42:27   INFO]                  [PluginManager] Enabled plugin Hytale:BlockSetModule
[2026/01/28 00:42:27   INFO]                  [PluginManager] Enabled plugin Hytale:FlyCameraModule
[2026/01/28 00:42:27   INFO]                  [PluginManager] Enabled plugin Hytale:EntityModule
[2026/01/28 00:42:27   INFO]                  [PluginManager] Enabled plugin Hytale:BlockTick
[2026/01/28 00:42:27   INFO]                  [PluginManager] Enabled plugin Hytale:BlockHealthModule
[2026/01/28 00:42:27   INFO]                  [PluginManager] Enabled plugin Hytale:InteractionModule
[2026/01/28 00:42:27   INFO]                  [PluginManager] Enabled plugin Hytale:ServerPlayerListModule
[2026/01/28 00:42:27   INFO]                  [PluginManager] Enabled plugin Hytale:ConnectedBlocksModule
[2026/01/28 00:42:27   INFO]                  [PluginManager] Enabled plugin Hytale:BlockTypeModule
[2026/01/28 00:42:27   INFO]                  [PluginManager] Enabled plugin Hytale:BlockModule
[2026/01/28 00:42:27   INFO]                  [PluginManager] Enabled plugin Hytale:Weather
[2026/01/28 00:42:27   INFO]                  [PluginManager] Enabled plugin Hytale:Reputation
[2026/01/28 00:42:27   INFO]                  [PluginManager] Enabled plugin Hytale:Parkour
[2026/01/28 00:42:27   INFO]                  [PluginManager] Enabled plugin Hytale:ProjectileModule
[2026/01/28 00:42:27   INFO]                  [PluginManager] Enabled plugin Hytale:Teleport
[2026/01/28 00:42:27   INFO]                  [PluginManager] Enabled plugin Hytale:WorldGen
[2026/01/28 00:42:27   INFO]                  [PluginManager] Enabled plugin Hytale:BlockStateModule
[2026/01/28 00:42:27   INFO]                  [PluginManager] Enabled plugin Hytale:AssetEditor
[2026/01/28 00:42:27   INFO]                  [PluginManager] Enabled plugin Hytale:Ambience
[2026/01/28 00:42:27   INFO]                  [PluginManager] Enabled plugin Hytale:Teleporter
[2026/01/28 00:42:27   INFO]                  [PluginManager] Enabled plugin Hytale:BlockPhysics
[2026/01/28 00:42:27   INFO]                  [PluginManager] Enabled plugin Hytale:BuilderTools
[2026/01/28 00:42:27   INFO]                  [PluginManager] Enabled plugin Hytale:Farming
[2026/01/28 00:42:27   INFO]                  [PluginManager] Enabled plugin Hytale:Fluid
[2026/01/28 00:42:27   INFO]                [BarterShopState] No saved barter shop state found, starting fresh
[2026/01/28 00:42:27   INFO]                         [Shop|P] Barter shop state initialized
[2026/01/28 00:42:27   INFO]                  [PluginManager] Enabled plugin Hytale:Shop
[2026/01/28 00:42:27   INFO]                  [PluginManager] Enabled plugin Hytale:Crafting
[2026/01/28 00:42:27   INFO]                  [PluginManager] Enabled plugin Hytale:SingleplayerModule
[2026/01/28 00:42:27   INFO]                  [PluginManager] Enabled plugin Hytale:ShopReputation
[2026/01/28 00:42:27   INFO]                  [PluginManager] Enabled plugin Hytale:EntityStatsModule
[2026/01/28 00:42:27   INFO]                  [PluginManager] Enabled plugin Hytale:BlockSpawner
[2026/01/28 00:42:27   INFO]                  [PluginManager] Enabled plugin Hytale:PrefabSpawnerModule
[2026/01/28 00:42:27   INFO]                  [PluginManager] Enabled plugin Hytale:Instances
[2026/01/28 00:42:27   INFO]                  [World|default] Added world 'default' - Seed: 1769560947630, GameTime: 0001-01-01T05:30:00Z
[2026/01/28 00:42:27   INFO]                  [PluginManager] Enabled plugin Hytale:Objectives
[2026/01/28 00:42:27   INFO]                  [PluginManager] Enabled plugin Hytale:Path
[2026/01/28 00:42:27   INFO]                  [PluginManager] Enabled plugin Hytale:EntityUIModule
[2026/01/28 00:42:27   INFO]                  [PluginManager] Enabled plugin Hytale:Stash
[2026/01/28 00:42:27   INFO]                  [PluginManager] Enabled plugin Hytale:StaminaModule
[2026/01/28 00:42:27   INFO]                  [PluginManager] Enabled plugin Hytale:ObjectiveShop
[2026/01/28 00:42:27   INFO]                  [PluginManager] Enabled plugin Hytale:ObjectiveReputation
[2026/01/28 00:42:27   INFO]                  [PluginManager] Enabled plugin Hytale:CreativeHub
[2026/01/28 00:42:27   INFO]                  [PluginManager] Enabled plugin Hytale:DamageModule
[2026/01/28 00:42:27   INFO]                  [PluginManager] Enabled plugin Hytale:Camera
[2026/01/28 00:42:27   INFO]                  [PluginManager] Enabled plugin Hytale:NPC
[2026/01/28 00:42:27   INFO]                  [PluginManager] Enabled plugin Hytale:Mounts
[2026/01/28 00:42:27   INFO]                  [PluginManager] Enabled plugin Hytale:Flock
[2026/01/28 00:42:27   INFO]                  [PluginManager] Enabled plugin Hytale:NPCEditor
[2026/01/28 00:42:27   INFO]                [ServerManager|P] Listening on /[0:0:0:0:0:0:0:0]:5520 and took 49ms 728us 42ns
[2026/01/28 00:42:27   INFO]                [ServerManager|P] Listening on /0.0.0.0:5520 and took 1ms 398us 875ns
[2026/01/28 00:42:27   INFO]                [ServerManager|P] Listening on /[0:0:0:0:0:0:0:1]:5520 and took 586us 375ns
[2026/01/28 00:42:27   INFO]                  [PluginManager] Enabled plugin Hytale:Memories
[2026/01/28 00:42:27   INFO]                  [PluginManager] Enabled plugin Hytale:NPCShop
[2026/01/28 00:42:27   INFO]                  [PluginManager] Enabled plugin Hytale:Beds
[2026/01/28 00:42:27   INFO]                  [PluginManager] Enabled plugin Hytale:Portals
[2026/01/28 00:42:27   INFO]                  [PluginManager] Enabled plugin Hytale:NPCCombatActionEvaluator
[2026/01/28 00:42:27   INFO]                  [PluginManager] Enabled plugin Hytale:NPCReputation
[2026/01/28 00:42:27   INFO]                     [Spawning|P] Successfully set up 96 world spawn configurations
[2026/01/28 00:42:27   INFO]                     [Spawning|P] Successfully set up 75 beacon spawn configurations
[2026/01/28 00:42:27   INFO]                  [PluginManager] Enabled plugin Hytale:Spawning
[2026/01/28 00:42:27   INFO]                  [PluginManager] Enabled plugin Hytale:NPCObjectives
[2026/01/28 00:42:27   INFO]                         [Hytale] Loading common assets from: /
[2026/01/28 00:42:27   INFO]            [CommonAssetModule|P] Took 9ms 338us 125ns to walk file tree and load 8 assets.
[2026/01/28 00:42:27   WARN]            [CommonAssetModule|P] Duplicated Asset Count: 933
[2026/01/28 00:42:27   INFO]                         [Hytale] Loading common assets phase completed! Boot time 9ms 600us 875ns, Took 9ms 505us 250ns
[2026/01/28 00:42:27   INFO]                         [Hytale] Loading assets from: /Server
[2026/01/28 00:42:27   INFO]            [AssetRegistryLoader] Loading assets from /Server
[2026/01/28 00:42:27   INFO]            [AssetRegistryLoader] Took 2ms 530us 875ns to load all assets
[2026/01/28 00:42:27   INFO]                      [AssetTree] Loaded Server/ asset tree! Took: 4ms 613us 375ns
[2026/01/28 00:42:27   INFO]                      [AssetTree] Loaded Common/ asset tree! Took: 2ms 452us 708ns
[2026/01/28 00:42:27   INFO]                      [AssetTree] Sorted asset tree! Took: 1ms 234us 292ns
[2026/01/28 00:42:27   INFO]                          [NPC|P] Starting to load NPC builders!
[2026/01/28 00:42:27   INFO]                          [NPC|P] Validating loaded NPC configurations...
[2026/01/28 00:42:27   WARN]                          [NPC|P] Animation Leap does not exist for model Goblin_Duke!
[2026/01/28 00:42:27   WARN]                          [NPC|P] Animation Eat does not exist for model Spark_Living!
[2026/01/28 00:42:27   WARN]                          [NPC|P] Animation Curious does not exist for model Spark_Living!
[2026/01/28 00:42:27   WARN]                          [NPC|P] Animation GreetAnimation does not exist for model Spark_Living!
[2026/01/28 00:42:27   WARN]                          [NPC|P] Animation Wave does not exist for model Frog_Blue!
[2026/01/28 00:42:27   WARN]                          [NPC|P] Animation Eat does not exist for model Hatworm!
[2026/01/28 00:42:27   WARN]                          [NPC|P] Animation Curious does not exist for model Hatworm!
[2026/01/28 00:42:27   WARN]                          [NPC|P] Animation GreetAnimation does not exist for model Hatworm!
[2026/01/28 00:42:27   WARN]                          [NPC|P] Animation Sleep does not exist for model Wraith_Lantern!
[2026/01/28 00:42:27   WARN]                          [NPC|P] Animation Alerted does not exist for model Wraith_Lantern!
[2026/01/28 00:42:27   WARN]                          [NPC|P] Animation Laydown does not exist for model Wraith_Lantern!
[2026/01/28 00:42:27   WARN]                          [NPC|P] Animation Wake does not exist for model Wraith_Lantern!
[2026/01/28 00:42:27   WARN]                          [NPC|P] Animation Wave does not exist for model Temple_Mithril_Guard!
[2026/01/28 00:42:27   WARN]                          [NPC|P] Animation Alerted does not exist for model Scarak_Broodmother!
[2026/01/28 00:42:27   WARN]                          [NPC|P] Animation Leap does not exist for model Goblin_Duke!
[2026/01/28 00:42:27   WARN]                          [NPC|P] Animation Rally does not exist for model Outlander_Priest!
[2026/01/28 00:42:27   WARN]                          [NPC|P] Animation Wave does not exist for model Frog_Orange!
[2026/01/28 00:42:27   WARN]                          [NPC|P] Animation Sleep does not exist for model Slug_Magma!
[2026/01/28 00:42:27   WARN]                          [NPC|P] Animation Alerted does not exist for model Slug_Magma!
[2026/01/28 00:42:27   WARN]                          [NPC|P] Animation Laydown does not exist for model Slug_Magma!
[2026/01/28 00:42:27   WARN]                          [NPC|P] Animation Wake does not exist for model Slug_Magma!
[2026/01/28 00:42:27   WARN]                          [NPC|P] Animation Rally does not exist for model Outlander_Sorcerer!
[2026/01/28 00:42:27   WARN]                          [NPC|P] Animation Alerted does not exist for model Scarak_Broodmother!
[2026/01/28 00:42:27   WARN]                          [NPC|P] Animation Alerted does not exist for model Kweebec_Rootling!
[2026/01/28 00:42:27   WARN]                          [NPC|P] Animation Eat does not exist for model Lizard_Sand!
[2026/01/28 00:42:27   WARN]                          [NPC|P] Animation Curious does not exist for model Lizard_Sand!
[2026/01/28 00:42:27   WARN]                          [NPC|P] Animation GreetAnimation does not exist for model Lizard_Sand!
[2026/01/28 00:42:27   WARN]                          [NPC|P] Animation GreetAnimation does not exist for model Tortoise!
[2026/01/28 00:42:27   WARN]                          [NPC|P] Animation Sleep does not exist for model Tuluk_Fisherman!
[2026/01/28 00:42:27   WARN]                          [NPC|P] Animation Alerted does not exist for model Tuluk_Fisherman!
[2026/01/28 00:42:27   WARN]                          [NPC|P] Animation Laydown does not exist for model Tuluk_Fisherman!
[2026/01/28 00:42:27   WARN]                          [NPC|P] Animation Wake does not exist for model Tuluk_Fisherman!
[2026/01/28 00:42:27   WARN]                          [NPC|P] Animation Eat does not exist for model Trillodon!
[2026/01/28 00:42:27   WARN]                          [NPC|P] Animation Curious does not exist for model Trillodon!
[2026/01/28 00:42:27   WARN]                          [NPC|P] Animation GreetAnimation does not exist for model Trillodon!
[2026/01/28 00:42:27   WARN]                          [NPC|P] Animation Leap does not exist for model Goblin_Duke_Large!
[2026/01/28 00:42:27   WARN]                          [NPC|P] Animation Alerted does not exist for model Scarak_Broodmother!
[2026/01/28 00:42:27   INFO]                          [NPC|P] Validation complete.
[2026/01/28 00:42:27   INFO]                          [NPC|P] Loaded 897 NPC configurations
[2026/01/28 00:42:27   INFO]                  [PluginManager] Enabled plugin eldaniorsystem:EldaniorSystem
[2026/01/28 00:42:27   INFO]                   [HytaleServer] Plugin manager started! Startup time so far: 16sec 372ms 947us 417ns
[2026/01/28 00:42:27   INFO]                   [HytaleServer] Getting Hytale Universe ready...
[2026/01/28 00:42:28   INFO]                 [WorldGenerator] Set prefab-store to: ASSETS
[2026/01/28 00:42:44   INFO]                 [WorldGenerator] Initialized ChunkGenerator-0 executor
[2026/01/28 00:42:44   INFO]                 [WorldGenerator] Found location for unique zone 'Zone1_Spawn' -> Position: {-506, 321}, Score: 94.74%, Time: 3ms
[2026/01/28 00:42:44   INFO]                 [WorldGenerator] Found location for unique zone 'Zone1_Temple' -> Position: {-721, 448}, Score: 87.41%, Time: 0ms
[2026/01/28 00:42:45   INFO]                [World|default|M] Initializing world map generator: com.hypixel.hytale.server.worldgen.map.GeneratorChunkWorldMap@420c1eb3
[2026/01/28 00:42:45   INFO]                [World|default|M] Generating Points of Interest...
[2026/01/28 00:42:45   INFO]                [World|default|M] Finished Generating Points of Interest!
[2026/01/28 00:42:45   INFO]                     [Teleport|P] Loaded 0 warps (No warps.json found)
[2026/01/28 00:42:45   INFO]                   [HytaleServer] Universe ready!
[2026/01/28 00:42:45   INFO]                  [AssetModule|P] Total Loaded Assets: Interaction: 7186, RootInteraction: 5376, BlockType: 3953, Item: 3005, CraftingRecipe: 1643, ParticleSpawner: 1584, SoundEvent: 1161, ItemDropList: 728, ParticleSystem: 535, ModelAsset: 434, SpawnMarker: 243, BlockBoundingBoxes: 234, Condition: 228, ItemPlayerAnimations: 183, EntityEffect: 175, AmbienceFX: 167, TagPattern: 126, ResourceType: 124, Environment: 117, AssignmentsAsset: 111, ProjectileConfig: 111, WorldNPCSpawn: 96, AudioCategory: 94, CombatActionOption: 87, Projectile: 86, Weather: 86, PrefabListAsset: 77, BeaconNPCSpawn: 75, NPCGroup: 71, BiomeAsset: 69, Trail: 59, FlockAsset: 58, BlockSet: 56, BlockSoundSet: 53, CameraShake: 49, CameraEffect: 49, BalanceAsset: 48, BlockSpawnerTable: 46, BlockGroup: 43, ScriptedBrushAsset: 38, ItemSoundSet: 36, ModelVFX: 33, BlockParticleSet: 30, AttitudeGroup: 27, ReverbEffect: 22, ItemToolSpec: 17, DamageCause: 15, Fluid: 15, WorldStructureAsset: 14, EntityStatType: 13, ViewBobbing: 12, ObjectiveAsset: 12, BlockTypeListAsset: 12, ItemQuality: 12, ResponseCurve: 12, CustomConnectedBlockTemplateAsset: 11, BlockMigration: 11, DensityAsset: 9, MacroCommandBuilder: 8, FluidFX: 5, GameplayConfig: 5, PortalType: 5, GrowthModifierAsset: 4, ItemCategory: 4, BlockBreakingDecal: 4, ObjectiveLocationMarkerAsset: 4, UnarmedInteractions: 3, MovementConfig: 3, ItemReticleConfig: 3, EqualizerEffect: 3, SpawnSuppression: 3, ObjectiveLineAsset: 2, EntityUIComponent: 2, GameModeType: 2, BarterShopAsset: 2, SoundSet: 2, RepulsionConfig: 2, HitboxCollisionConfig: 2, WordList: 1, FieldcraftCategory: 1, SettingsAsset: 1, ItemAttitudeGroup: 1, ReachLocationMarkerAsset: 1, BuilderToolItemReferenceAsset: 1, FarmingCoopAsset: 1, PrefabEditorCreationSettings: 1, BlockMaskAsset: 0, ShopAsset: 0, DeployableSpawner: 0, ReputationRank: 0, ReputationGroup: 0
[2026/01/28 00:42:45   INFO]                   [HytaleServer] ===============================================================================================
[2026/01/28 00:42:45   INFO]                   [HytaleServer]          Hytale Server Booted! [Multiplayer, Fresh Universe] took 34sec 248ms 302us 292ns
[2026/01/28 00:42:45   INFO]                   [HytaleServer] ===============================================================================================
[2026/01/28 00:42:45   WARN]                   [HytaleServer] No server tokens configured. Use /auth login to authenticate.
[2026/01/28 00:43:04   INFO]                   [HytaleServer] Shutdown triggered!!!
[2026/01/28 00:43:04   INFO]                   [HytaleServer] Shutting down... 130  'null'
[2026/01/28 00:43:04   INFO]                [ServerManager|P] Closed listener [id: 0x60794e2f, L:/[0:0:0:0:0:0:0:0]:5520] and took 2ms 45us 459ns
[2026/01/28 00:43:04   INFO]                [ServerManager|P] Closed listener [id: 0x2c6f51a7, L:/0.0.0.0:5520] and took 176us 667ns
[2026/01/28 00:43:04   INFO]                [ServerManager|P] Closed listener [id: 0x13a82641, L:/[0:0:0:0:0:0:0:1]:5520] and took 226us 417ns
[2026/01/28 00:43:04   INFO]                  [World|default] Stopping world default...
[2026/01/28 00:43:04   INFO]                  [World|default] Stopping background threads...
[2026/01/28 00:43:04   INFO]                  [World|default] Removing players...
[2026/01/28 00:43:04   INFO]                  [World|default] Waiting for loading chunks...
[2026/01/28 00:43:04   INFO]                  [World|default] Shutting down stores...
[2026/01/28 00:43:04   INFO]                  [World|default] Shutting down chunk generator...
[2026/01/28 00:43:04   INFO]                  [World|default] Saving Chunks...
[2026/01/28 00:43:04   INFO]                  [World|default] Queuing Chunks...
[2026/01/28 00:43:04   INFO]                  [World|default] Saving All Chunks...
[2026/01/28 00:43:04   INFO]                  [World|default] Waiting for Saving Chunks...
[2026/01/28 00:43:04   INFO]                  [World|default] Done Saving Chunks!
[2026/01/28 00:43:04   INFO]                 [WorldGenerator] ChunkGenerator-0 executor shutdown complete
[2026/01/28 00:43:04   INFO]            [PlayerSavingSystems] Saving Players...
[2026/01/28 00:43:04   INFO]                  [World|default] Saving Config...
[2026/01/28 00:43:04   INFO]                     [Universe|P] Removing world exceptionally: default
[2026/01/28 00:43:04   INFO]                  [PluginManager] Saving plugins config...
[2026/01/28 00:43:04   INFO]                  [PluginManager] Shut down plugin eldaniorsystem:EldaniorSystem
[2026/01/28 00:43:04   INFO]                  [PluginManager] Shut down plugin Hytale:NPCObjectives
[2026/01/28 00:43:04   INFO]                  [PluginManager] Shut down plugin Hytale:Spawning
[2026/01/28 00:43:04   INFO]                  [PluginManager] Shut down plugin Hytale:NPCReputation
[2026/01/28 00:43:04   INFO]                  [PluginManager] Shut down plugin Hytale:NPCCombatActionEvaluator
[2026/01/28 00:43:04   INFO]                  [PluginManager] Shut down plugin Hytale:Portals
[2026/01/28 00:43:04   INFO]                  [PluginManager] Shut down plugin Hytale:Beds
[2026/01/28 00:43:04   INFO]                  [PluginManager] Shut down plugin Hytale:NPCShop
[2026/01/28 00:43:04   INFO]                  [PluginManager] Shut down plugin Hytale:Memories
[2026/01/28 00:43:04   INFO]                  [PluginManager] Shut down plugin Hytale:NPCEditor
[2026/01/28 00:43:04   INFO]                  [PluginManager] Shut down plugin Hytale:Flock
[2026/01/28 00:43:04   INFO] [PluginManager] Shut down plugin Hytale:Mounts
[2026/01/28 00:43:04   INFO] [PluginManager] Shut down plugin Hytale:NPC
[2026/01/28 00:43:04   INFO] [PluginManager] Shut down plugin Hytale:Camera
[2026/01/28 00:43:04   INFO] [PluginManager] Shut down plugin Hytale:DamageModule
[2026/01/28 00:43:04   INFO] [PluginManager] Shut down plugin Hytale:CreativeHub
[2026/01/28 00:43:04   INFO] [PluginManager] Shut down plugin Hytale:ObjectiveReputation
[2026/01/28 00:43:04   INFO] [PluginManager] Shut down plugin Hytale:ObjectiveShop
[2026/01/28 00:43:04   INFO] [PluginManager] Shut down plugin Hytale:StaminaModule
[2026/01/28 00:43:04   INFO] [PluginManager] Shut down plugin Hytale:Stash
[2026/01/28 00:43:04   INFO] [PluginManager] Shut down plugin Hytale:EntityUIModule
[2026/01/28 00:43:04   INFO] [PluginManager] Shut down plugin Hytale:Path
[2026/01/28 00:43:04   INFO] [PluginManager] Shut down plugin Hytale:Objectives
[2026/01/28 00:43:04   INFO] [PluginManager] Shut down plugin Hytale:Instances
[2026/01/28 00:43:04   INFO] [PluginManager] Shut down plugin Hytale:PrefabSpawnerModule
[2026/01/28 00:43:04   INFO] [PluginManager] Shut down plugin Hytale:BlockSpawner
[2026/01/28 00:43:04   INFO] [PluginManager] Shut down plugin Hytale:EntityStatsModule
[2026/01/28 00:43:04   INFO] [PluginManager] Shut down plugin Hytale:ShopReputation
[2026/01/28 00:43:04   INFO] [PluginManager] Shut down plugin Hytale:SingleplayerModule
[2026/01/28 00:43:04   INFO] [PluginManager] Shut down plugin Hytale:Crafting
[2026/01/28 00:43:04   INFO]        [Shop|P] Barter shop state saved
[2026/01/28 00:43:04   INFO] [PluginManager] Shut down plugin Hytale:Shop
[2026/01/28 00:43:04   INFO] [PluginManager] Shut down plugin Hytale:Fluid
[2026/01/28 00:43:04   INFO] [PluginManager] Shut down plugin Hytale:Farming
[2026/01/28 00:43:04   INFO] [PluginManager] Shut down plugin Hytale:BuilderTools
[2026/01/28 00:43:04   INFO] [PluginManager] Shut down plugin Hytale:BlockPhysics
[2026/01/28 00:43:04   INFO] [PluginManager] Shut down plugin Hytale:Teleporter
[2026/01/28 00:43:04   INFO] [PluginManager] Shut down plugin Hytale:Ambience
[2026/01/28 00:43:04   INFO] [PluginManager] Shut down plugin Hytale:AssetEditor
[2026/01/28 00:43:04   INFO] [PluginManager] Shut down plugin Hytale:BlockStateModule
[2026/01/28 00:43:04   INFO] [PluginManager] Shut down plugin Hytale:WorldGen
[2026/01/28 00:43:04   INFO] [PluginManager] Shut down plugin Hytale:Teleport
[2026/01/28 00:43:04   INFO] [PluginManager] Shut down plugin Hytale:ProjectileModule
[2026/01/28 00:43:04   INFO] [PluginManager] Shut down plugin Hytale:Parkour
[2026/01/28 00:43:04   INFO] [PluginManager] Shut down plugin Hytale:Reputation
[2026/01/28 00:43:04   INFO] [PluginManager] Shut down plugin Hytale:Weather
[2026/01/28 00:43:04   INFO] [PluginManager] Shut down plugin Hytale:BlockModule
[2026/01/28 00:43:04   INFO] [PluginManager] Shut down plugin Hytale:BlockTypeModule
[2026/01/28 00:43:04   INFO] [PluginManager] Shut down plugin Hytale:ConnectedBlocksModule
[2026/01/28 00:43:04   INFO] [PluginManager] Shut down plugin Hytale:ServerPlayerListModule
[2026/01/28 00:43:04   INFO] [PluginManager] Shut down plugin Hytale:InteractionModule
[2026/01/28 00:43:04   INFO] [PluginManager] Shut down plugin Hytale:BlockHealthModule
[2026/01/28 00:43:04   INFO] [PluginManager] Shut down plugin Hytale:BlockTick
[2026/01/28 00:43:04   INFO] [PluginManager] Shut down plugin Hytale:EntityModule
[2026/01/28 00:43:04   INFO] [PluginManager] Shut down plugin Hytale:FlyCameraModule
[2026/01/28 00:43:04   INFO] [PluginManager] Shut down plugin Hytale:BlockSetModule
[2026/01/28 00:43:04   INFO] [PluginManager] Shut down plugin Hytale:Deployables
[2026/01/28 00:43:04   INFO] [PluginManager] Shut down plugin Hytale:PermissionsModule
[2026/01/28 00:43:04   INFO] [PluginManager] Shut down plugin Hytale:Mantling
[2026/01/28 00:43:04   INFO] [PluginManager] Shut down plugin Hytale:LANDiscovery
[2026/01/28 00:43:04   INFO] [PluginManager] Shut down plugin Hytale:LegacyModule
[2026/01/28 00:43:04   INFO] [PluginManager] Shut down plugin Hytale:I18nModule
[2026/01/28 00:43:04   INFO] [PluginManager] Shut down plugin Hytale:CosmeticsModule
[2026/01/28 00:43:04   INFO] [PluginManager] Shut down plugin Hytale:CommonAssetModule
[2026/01/28 00:43:04   INFO] [PluginManager] Shut down plugin Hytale:ItemModule
[2026/01/28 00:43:04   INFO] [PluginManager] Shut down plugin Hytale:HytaleGenerator
[2026/01/28 00:43:04   INFO] [PluginManager] Shut down plugin Hytale:SafetyRoll
[2026/01/28 00:43:04   INFO] [PluginManager] Shut down plugin Hytale:CommandMacro
[2026/01/28 00:43:04   INFO] [PluginManager] Shut down plugin Hytale:AccessControlModule
[2026/01/28 00:43:04   INFO] [PluginManager] Shut down plugin Hytale:UpdateModule
[2026/01/28 00:43:04   INFO] [PluginManager] Shut down plugin Hytale:TagSet
[2026/01/28 00:43:04   INFO] [PluginManager] Shut down plugin Hytale:Universe
[2026/01/28 00:43:04   INFO] [PluginManager] Shut down plugin Hytale:CrouchSlide
[2026/01/28 00:43:04   INFO] [PluginManager] Shut down plugin Hytale:Model
[2026/01/28 00:43:04   INFO] [PluginManager] Shut down plugin Hytale:SplitVelocity
[2026/01/28 00:43:04   INFO] [PluginManager] Shut down plugin Hytale:DebugPlugin
[2026/01/28 00:43:04   INFO] [PluginManager] Shut down plugin Hytale:CollisionModule
[2026/01/28 00:43:04   INFO] [PluginManager] Shut down plugin Hytale:TimeModule
[2026/01/28 00:43:04   INFO] [ConsoleModule|P] Restoring terminal...
[2026/01/28 00:43:04   INFO]   [PluginManager] Shut down plugin Hytale:ConsoleModule
[2026/01/28 00:43:04   INFO] [PathWatcherThread] Stopped polling for changes in assets. Server will need to be rebooted to load changes!
[2026/01/28 00:43:04   INFO]     [PluginManager] Shut down plugin Hytale:AssetModule
[2026/01/28 00:43:04   INFO]     [PluginManager] Shut down plugin Hytale:MigrationModule
[2026/01/28 00:43:04   INFO]     [PluginManager] Shut down plugin Hytale:SprintForce
[2026/01/28 00:43:04   INFO]     [QUICTransport] Shutting down workerGroup...
[2026/01/28 00:43:04   INFO]   [ServerManager|P] Finished shutting down ServerManager...
[2026/01/28 00:43:04   INFO]     [PluginManager] Shut down plugin Hytale:ServerManager
[2026/01/28 00:43:04   INFO]     [PluginManager] Shut down plugin Hytale:WorldLocationCondition
[2026/01/28 00:43:04   INFO]      [HytaleServer] Saving config...
[2026/01/28 00:43:04   INFO]      [HytaleServer] Shutdown completed!
